<?xml version="1.0" encoding="utf-8"?>
<TestRun id="244a849d-103d-45f1-9db0-80ff25d8ddb6" name="ggarc@GREGORYPC 2026-05-24 09:33:26" runUser="GREGORYPC\ggarc" xmlns="http://microsoft.com/schemas/VisualStudio/TeamTest/2010">
  <Times creation="2026-05-24T09:33:26.3964158-04:00" queuing="2026-05-24T09:33:26.3964168-04:00" start="2026-05-24T09:33:25.5277814-04:00" finish="2026-05-24T09:33:26.7111610-04:00" />
  <TestSettings name="default" id="5243d100-2a92-400d-b763-1d68c359770b">
    <Deployment runDeploymentRoot="ggarc_GREGORYPC_2026-05-24_09_33_26" />
  </TestSettings>
  <Results>
    <UnitTestResult executionId="b6742b20-d0f4-4811-84f3-d51d3137f7c0" testId="59b1c4a9-f43b-dfb5-bd02-d98e4bc8eb08" testName="OrchestAI.Tests.ControllerTests.WebhooksControllerTests.TriggerWebhook_ValidSecret_Returns202AndEnqueues" computerName="GREGORYPC" duration="00:00:00.2806192" startTime="2026-05-24T09:33:26.4339723-04:00" endTime="2026-05-24T09:33:26.5934451-04:00" testType="13cdc9d9-ddb5-4fa4-a97d-d965ccfc6d4b" outcome="Passed" testListId="8c84fa94-04c1-424b-9868-57a2d4851a1d" relativeResultsDirectory="b6742b20-d0f4-4811-84f3-d51d3137f7c0" />
    <UnitTestResult executionId="37b1d537-9d5b-4e6f-877f-c8ca01cef617" testId="d3df7508-4619-3a1c-9d01-d5b86279a9c4" testName="OrchestAI.Tests.DomainTests.TenantTests.Create_ShouldReturnTenantWithExpectedName" computerName="GREGORYPC" duration="00:00:00.0065687" startTime="2026-05-24T09:33:26.4068149-04:00" endTime="2026-05-24T09:33:26.4192035-04:00" testType="13cdc9d9-ddb5-4fa4-a97d-d965ccfc6d4b" outcome="Passed" testListId="8c84fa94-04c1-424b-9868-57a2d4851a1d" relativeResultsDirectory="37b1d537-9d5b-4e6f-877f-c8ca01cef617" />
    <UnitTestResult executionId="277078cd-bf1f-41d1-bec6-036c33989e48" testId="9aee6484-896a-4b23-e8db-a44a2efed44f" testName="OrchestAI.Tests.EngineTests.ValidationResultTests.Success_ShouldBeValid_WithNoErrors" computerName="GREGORYPC" duration="00:00:00.0533850" startTime="2026-05-24T09:33:26.2290432-04:00" endTime="2026-05-24T09:33:26.3299759-04:00" testType="13cdc9d9-ddb5-4fa4-a97d-d965ccfc6d4b" outcome="Passed" testListId="8c84fa94-04c1-424b-9868-57a2d4851a1d" relativeResultsDirectory="277078cd-bf1f-41d1-bec6-036c33989e48" />
    <UnitTestResult executionId="d8003e93-db47-437a-9818-e0138a89a9dd" testId="512a1b81-9740-6e68-c51a-45cc586686c0" testName="OrchestAI.Tests.AITests.FakeLLMProviderTests.GenerateTextAsync_WithNoResponses_ShouldReturnDefault" computerName="GREGORYPC" duration="00:00:00.0023469" startTime="2026-05-24T09:33:26.4482620-04:00" endTime="2026-05-24T09:33:26.4487030-04:00" testType="13cdc9d9-ddb5-4fa4-a97d-d965ccfc6d4b" outcome="Passed" testListId="8c84fa94-04c1-424b-9868-57a2d4851a1d" relativeResultsDirectory="d8003e93-db47-437a-9818-e0138a89a9dd" />
    <UnitTestResult executionId="c1aba410-f9b9-4ade-94a2-bbe394059318" testId="97f1dcda-a77c-9182-4e8c-de844be52a05" testName="OrchestAI.Tests.NodeTests.MergeNodeTests.Type_ShouldBeLogicMerge" computerName="GREGORYPC" duration="00:00:00.0044745" startTime="2026-05-24T09:33:26.4337891-04:00" endTime="2026-05-24T09:33:26.4352528-04:00" testType="13cdc9d9-ddb5-4fa4-a97d-d965ccfc6d4b" outcome="Passed" testListId="8c84fa94-04c1-424b-9868-57a2d4851a1d" relativeResultsDirectory="c1aba410-f9b9-4ade-94a2-bbe394059318" />
    <UnitTestResult executionId="f97a9490-e722-4447-b1d8-1594faecceca" testId="0b0b41cf-94c7-0792-14d0-124e605194b7" testName="OrchestAI.Tests.DomainTests.AuditLogTests.Create_ShouldReturnValidAuditLog" computerName="GREGORYPC" duration="00:00:00.0589005" startTime="2026-05-24T09:33:26.2290704-04:00" endTime="2026-05-24T09:33:26.3840646-04:00" testType="13cdc9d9-ddb5-4fa4-a97d-d965ccfc6d4b" outcome="Passed" testListId="8c84fa94-04c1-424b-9868-57a2d4851a1d" relativeResultsDirectory="f97a9490-e722-4447-b1d8-1594faecceca" />
    <UnitTestResult executionId="3c353131-b59c-4ab4-a753-d99321ee5992" testId="03a23d58-ef80-82de-efa9-c51172f0e1e4" testName="OrchestAI.Tests.DomainTests.NodePresetTests.Update_ShouldNotChangeNodeTypeOrCreatedAt" computerName="GREGORYPC" duration="00:00:00.0045590" startTime="2026-05-24T09:33:26.4067870-04:00" endTime="2026-05-24T09:33:26.4182067-04:00" testType="13cdc9d9-ddb5-4fa4-a97d-d965ccfc6d4b" outcome="Passed" testListId="8c84fa94-04c1-424b-9868-57a2d4851a1d" relativeResultsDirectory="3c353131-b59c-4ab4-a753-d99321ee5992" />
    <UnitTestResult executionId="cd2b1e06-9ee5-417d-b945-116cea1bbed5" testId="3105e3b9-c69e-5ad9-8650-200a7ef61718" testName="OrchestAI.Tests.InfrastructureTests.StubNodePresetRepositoryTests.ListByNodeTypeAsync_NoFilter_ShouldReturnAllForTenant" computerName="GREGORYPC" duration="00:00:00.0697069" startTime="2026-05-24T09:33:26.4520954-04:00" endTime="2026-05-24T09:33:26.4659709-04:00" testType="13cdc9d9-ddb5-4fa4-a97d-d965ccfc6d4b" outcome="Passed" testListId="8c84fa94-04c1-424b-9868-57a2d4851a1d" relativeResultsDirectory="cd2b1e06-9ee5-417d-b945-116cea1bbed5" />
    <UnitTestResult executionId="3b5f6ec8-51b4-40a7-8c48-459d4c8a47c7" testId="94bc1328-0fef-abff-306e-98c20f412c27" testName="OrchestAI.Tests.DomainTests.UserRoleTests.SetRole_DoesNotAffectOtherProperties" computerName="GREGORYPC" duration="00:00:00.0025896" startTime="2026-05-24T09:33:26.4338839-04:00" endTime="2026-05-24T09:33:26.4341063-04:00" testType="13cdc9d9-ddb5-4fa4-a97d-d965ccfc6d4b" outcome="Passed" testListId="8c84fa94-04c1-424b-9868-57a2d4851a1d" relativeResultsDirectory="3b5f6ec8-51b4-40a7-8c48-459d4c8a47c7" />
    <UnitTestResult executionId="101f3e1f-d3ab-4911-beac-53c202e43515" testId="7b3a8920-0f7b-28c7-03fd-1ed7d03ec4ce" testName="OrchestAI.Tests.EngineTests.ExpressionEvaluatorTests.Evaluate_AndOperator_BothTrue_ShouldReturnTrue" computerName="GREGORYPC" duration="00:00:00.0003913" startTime="2026-05-24T09:33:26.4196602-04:00" endTime="2026-05-24T09:33:26.4197559-04:00" testType="13cdc9d9-ddb5-4fa4-a97d-d965ccfc6d4b" outcome="Passed" testListId="8c84fa94-04c1-424b-9868-57a2d4851a1d" relativeResultsDirectory="101f3e1f-d3ab-4911-beac-53c202e43515" />
    <UnitTestResult executionId="eddf0aa7-0b06-4f39-ba87-d50078ddc13b" testId="ebf1b1e1-ebda-10c4-f1bb-8cfb4e677cf3" testName="OrchestAI.Tests.NodeTests.HttpRequestNodeAuthTests.Execute_AuthApiKey_Query_ShouldAppendToExistingQueryString" computerName="GREGORYPC" duration="00:00:00.0019173" startTime="2026-05-24T09:33:26.5463964-04:00" endTime="2026-05-24T09:33:26.5483166-04:00" testType="13cdc9d9-ddb5-4fa4-a97d-d965ccfc6d4b" outcome="Passed" testListId="8c84fa94-04c1-424b-9868-57a2d4851a1d" relativeResultsDirectory="eddf0aa7-0b06-4f39-ba87-d50078ddc13b" />
    <UnitTestResult executionId="30353c70-b62b-442f-a46e-fa00e7a25bde" testId="0a1dbc5f-6480-75dd-5dab-01c6c0d0f87d" testName="OrchestAI.Tests.InfrastructureTests.JwtTokenServiceTests.GenerateToken_ShouldReturnNonEmptyString" computerName="GREGORYPC" duration="00:00:00.1794082" startTime="2026-05-24T09:33:26.2277026-04:00" endTime="2026-05-24T09:33:26.4525021-04:00" testType="13cdc9d9-ddb5-4fa4-a97d-d965ccfc6d4b" outcome="Passed" testListId="8c84fa94-04c1-424b-9868-57a2d4851a1d" relativeResultsDirectory="30353c70-b62b-442f-a46e-fa00e7a25bde" />
    <UnitTestResult executionId="57549230-80a8-46de-9361-c88bda01cdc2" testId="27afd6f4-64d4-2e26-c495-a2d1b5f1764d" testName="OrchestAI.Tests.InfrastructureTests.StubNodePresetRepositoryTests.GetAsync_UnknownId_ShouldReturnNull" computerName="GREGORYPC" duration="00:00:00.0016966" startTime="2026-05-24T09:33:26.4501141-04:00" endTime="2026-05-24T09:33:26.4503444-04:00" testType="13cdc9d9-ddb5-4fa4-a97d-d965ccfc6d4b" outcome="Passed" testListId="8c84fa94-04c1-424b-9868-57a2d4851a1d" relativeResultsDirectory="57549230-80a8-46de-9361-c88bda01cdc2" />
    <UnitTestResult executionId="fb9c0a66-9731-4bca-a458-e71f6befe528" testId="409e7e57-7a60-c7a3-0c9c-b69d4b47bf10" testName="OrchestAI.Tests.NodeTests.TranslationNodeTests.Execute_MissingText_ShouldThrow" computerName="GREGORYPC" duration="00:00:00.0051736" startTime="2026-05-24T09:33:26.4190098-04:00" endTime="2026-05-24T09:33:26.4287375-04:00" testType="13cdc9d9-ddb5-4fa4-a97d-d965ccfc6d4b" outcome="Passed" testListId="8c84fa94-04c1-424b-9868-57a2d4851a1d" relativeResultsDirectory="fb9c0a66-9731-4bca-a458-e71f6befe528" />
    <UnitTestResult executionId="db9f30ff-dc1b-49d5-82a0-06fc29f8e3c7" testId="17f9a719-202c-373b-d01e-d28bd0b54020" testName="OrchestAI.Tests.DomainTests.RetryPolicyTests.GetDelay_Attempt2_ShouldDoubleDelay" computerName="GREGORYPC" duration="00:00:00.0001254" startTime="2026-05-24T09:33:26.4579274-04:00" endTime="2026-05-24T09:33:26.4582186-04:00" testType="13cdc9d9-ddb5-4fa4-a97d-d965ccfc6d4b" outcome="Passed" testListId="8c84fa94-04c1-424b-9868-57a2d4851a1d" relativeResultsDirectory="db9f30ff-dc1b-49d5-82a0-06fc29f8e3c7" />
    <UnitTestResult executionId="e2748c44-c41f-4f9c-a73c-ced64dacd1b3" testId="b459be84-4246-056c-c307-e36b535edaa5" testName="OrchestAI.Tests.DomainTests.WorkflowVersionTests.Deactivate_ShouldSetIsActiveToFalse" computerName="GREGORYPC" duration="00:00:00.0015578" startTime="2026-05-24T09:33:26.4514381-04:00" endTime="2026-05-24T09:33:26.4514599-04:00" testType="13cdc9d9-ddb5-4fa4-a97d-d965ccfc6d4b" outcome="Passed" testListId="8c84fa94-04c1-424b-9868-57a2d4851a1d" relativeResultsDirectory="e2748c44-c41f-4f9c-a73c-ced64dacd1b3" />
    <UnitTestResult executionId="6843e4eb-e5a6-4602-8ecc-1b7549697b60" testId="e7ebd6f8-1b59-8a03-c99f-bae2ce2c2731" testName="OrchestAI.Tests.NodeTests.HumanApprovalNodeTests.Execute_NoTitleConfig_ShouldUseDefault" computerName="GREGORYPC" duration="00:00:00.0021675" startTime="2026-05-24T09:33:26.4452512-04:00" endTime="2026-05-24T09:33:26.4457149-04:00" testType="13cdc9d9-ddb5-4fa4-a97d-d965ccfc6d4b" outcome="Passed" testListId="8c84fa94-04c1-424b-9868-57a2d4851a1d" relativeResultsDirectory="6843e4eb-e5a6-4602-8ecc-1b7549697b60" />
    <UnitTestResult executionId="e221b723-8abd-4812-bcf0-dcc7f0c36d5e" testId="a38d538d-1000-2e87-93f9-cf4956629cf8" testName="OrchestAI.Tests.EngineTests.WorkflowEngineRetryTests.RunAsync_WhenNodeExhaustsRetries_ShouldFailExecution" computerName="GREGORYPC" duration="00:00:00.0075626" startTime="2026-05-24T09:33:26.6041516-04:00" endTime="2026-05-24T09:33:26.6116938-04:00" testType="13cdc9d9-ddb5-4fa4-a97d-d965ccfc6d4b" outcome="Passed" testListId="8c84fa94-04c1-424b-9868-57a2d4851a1d" relativeResultsDirectory="e221b723-8abd-4812-bcf0-dcc7f0c36d5e" />
    <UnitTestResult executionId="54a73193-4eae-455b-a07e-b4fba399d0a3" testId="06d2c359-35ad-3e51-9bff-7e0261af4bba" testName="OrchestAI.Tests.DomainTests.UserRoleTests.SetRole_ChangesUserRole_ToViewer" computerName="GREGORYPC" duration="00:00:00.0001265" startTime="2026-05-24T09:33:26.4368245-04:00" endTime="2026-05-24T09:33:26.4368648-04:00" testType="13cdc9d9-ddb5-4fa4-a97d-d965ccfc6d4b" outcome="Passed" testListId="8c84fa94-04c1-424b-9868-57a2d4851a1d" relativeResultsDirectory="54a73193-4eae-455b-a07e-b4fba399d0a3" />
    <UnitTestResult executionId="161a3b8a-d087-43dd-b5bb-fd182a71695a" testId="54abb38e-a542-86cb-9e49-6b3a3dd4d4a8" testName="OrchestAI.Tests.HubTests.ExecutionHubTests.JoinExecution_AddsCallerToCorrectGroup" computerName="GREGORYPC" duration="00:00:00.2228531" startTime="2026-05-24T09:33:26.4459203-04:00" endTime="2026-05-24T09:33:26.5756441-04:00" testType="13cdc9d9-ddb5-4fa4-a97d-d965ccfc6d4b" outcome="Passed" testListId="8c84fa94-04c1-424b-9868-57a2d4851a1d" relativeResultsDirectory="161a3b8a-d087-43dd-b5bb-fd182a71695a" />
    <UnitTestResult executionId="a12928df-8bc3-4bd0-be3c-97044ccbcf18" testId="73ddc6db-d9a2-86d8-7425-cb40a1d57823" testName="OrchestAI.Tests.InfrastructureTests.RedisExecutionQueueTests.EnqueueAsync_Should_CallListLeftPushAsync" computerName="GREGORYPC" duration="00:00:00.3842436" startTime="2026-05-24T09:33:26.2291433-04:00" endTime="2026-05-24T09:33:26.6023395-04:00" testType="13cdc9d9-ddb5-4fa4-a97d-d965ccfc6d4b" outcome="Passed" testListId="8c84fa94-04c1-424b-9868-57a2d4851a1d" relativeResultsDirectory="a12928df-8bc3-4bd0-be3c-97044ccbcf18" />
    <UnitTestResult executionId="bf62a627-bc4c-418f-a244-bed9823f1945" testId="679b2f6c-dfa3-d14e-c82f-dccdf0d68213" testName="OrchestAI.Tests.EngineTests.WorkflowValidatorTests.Validate_InvalidEdgeSource_ShouldReturnError" computerName="GREGORYPC" duration="00:00:00.0129414" startTime="2026-05-24T09:33:26.5716417-04:00" endTime="2026-05-24T09:33:26.5845862-04:00" testType="13cdc9d9-ddb5-4fa4-a97d-d965ccfc6d4b" outcome="Passed" testListId="8c84fa94-04c1-424b-9868-57a2d4851a1d" relativeResultsDirectory="bf62a627-bc4c-418f-a244-bed9823f1945" />
    <UnitTestResult executionId="810b652e-7a44-4724-aeeb-db5e5ebd432f" testId="45e703d7-2064-43a3-80cb-cd2ea65c51b5" testName="OrchestAI.Tests.DomainTests.WorkflowTests.Create_ShouldInitializeProperly" computerName="GREGORYPC" duration="00:00:00.0744505" startTime="2026-05-24T09:33:26.2277816-04:00" endTime="2026-05-24T09:33:26.4000397-04:00" testType="13cdc9d9-ddb5-4fa4-a97d-d965ccfc6d4b" outcome="Passed" testListId="8c84fa94-04c1-424b-9868-57a2d4851a1d" relativeResultsDirectory="810b652e-7a44-4724-aeeb-db5e5ebd432f" />
    <UnitTestResult executionId="259460ef-2562-4381-ac8a-c649f74b0a89" testId="5e06840d-3e3f-652e-26b1-dd56251f5a58" testName="OrchestAI.Tests.DomainTests.UserRoleTests.UserRole_AllExpectedValues_Exist(role: Viewer)" computerName="GREGORYPC" duration="00:00:00.0000014" startTime="2026-05-24T09:33:26.4366651-04:00" endTime="2026-05-24T09:33:26.4367086-04:00" testType="13cdc9d9-ddb5-4fa4-a97d-d965ccfc6d4b" outcome="Passed" testListId="8c84fa94-04c1-424b-9868-57a2d4851a1d" relativeResultsDirectory="259460ef-2562-4381-ac8a-c649f74b0a89" />
    <UnitTestResult executionId="d0dd320f-cf9a-4bce-90c1-b1cd4d28db05" testId="06cd8833-97c1-1c04-0aab-cb5a09bdd757" testName="OrchestAI.Tests.NodeTests.SendEmailNodeTests.Execute_MissingTo_ShouldThrow" computerName="GREGORYPC" duration="00:00:00.0874110" startTime="2026-05-24T09:33:26.2277691-04:00" endTime="2026-05-24T09:33:26.4197908-04:00" testType="13cdc9d9-ddb5-4fa4-a97d-d965ccfc6d4b" outcome="Passed" testListId="8c84fa94-04c1-424b-9868-57a2d4851a1d" relativeResultsDirectory="d0dd320f-cf9a-4bce-90c1-b1cd4d28db05" />
    <UnitTestResult executionId="361da914-dd12-4f1e-ab6c-b9f3e351c004" testId="5ee22f6f-39ab-41cf-4309-5543ac989e2f" testName="OrchestAI.Tests.ControllerTests.RbacAuthorizationTests.AllPolicies_HaveAtLeastOneRequirement(policyName: &quot;EditorOrAbove&quot;)" computerName="GREGORYPC" duration="00:00:00.0010491" startTime="2026-05-24T09:33:26.4467781-04:00" endTime="2026-05-24T09:33:26.4468124-04:00" testType="13cdc9d9-ddb5-4fa4-a97d-d965ccfc6d4b" outcome="Passed" testListId="8c84fa94-04c1-424b-9868-57a2d4851a1d" relativeResultsDirectory="361da914-dd12-4f1e-ab6c-b9f3e351c004" />
    <UnitTestResult executionId="3b4aac8e-d020-43df-82d1-5acdfce3d679" testId="afe7648c-9622-74de-c391-5a16501072c5" testName="OrchestAI.Tests.DomainTests.RetryPolicyTests.GetDelay_Attempt1_ShouldReturnBaseDelay" computerName="GREGORYPC" duration="00:00:00.0005418" startTime="2026-05-24T09:33:26.4564680-04:00" endTime="2026-05-24T09:33:26.4567040-04:00" testType="13cdc9d9-ddb5-4fa4-a97d-d965ccfc6d4b" outcome="Passed" testListId="8c84fa94-04c1-424b-9868-57a2d4851a1d" relativeResultsDirectory="3b4aac8e-d020-43df-82d1-5acdfce3d679" />
    <UnitTestResult executionId="35d76697-4b92-4626-9c4c-9f5e71945e4a" testId="ebc293e8-f665-1afe-8f2c-d0a3ca3c42bd" testName="OrchestAI.Tests.DomainTests.RetryPolicyTests.None_GetDelay_Attempt1_ShouldReturnZero" computerName="GREGORYPC" duration="00:00:00.0001387" startTime="2026-05-24T09:33:26.4647281-04:00" endTime="2026-05-24T09:33:26.4647494-04:00" testType="13cdc9d9-ddb5-4fa4-a97d-d965ccfc6d4b" outcome="Passed" testListId="8c84fa94-04c1-424b-9868-57a2d4851a1d" relativeResultsDirectory="35d76697-4b92-4626-9c4c-9f5e71945e4a" />
    <UnitTestResult executionId="262cdfd2-6632-4643-90d6-de42927aece2" testId="e6c955d5-64a2-da03-4ddd-513ec39073a5" testName="OrchestAI.Tests.DomainTests.NodeExecutionRetryTests.Create_Should_HaveAttemptNumberOne" computerName="GREGORYPC" duration="00:00:00.0017512" startTime="2026-05-24T09:33:26.4454754-04:00" endTime="2026-05-24T09:33:26.4455165-04:00" testType="13cdc9d9-ddb5-4fa4-a97d-d965ccfc6d4b" outcome="Passed" testListId="8c84fa94-04c1-424b-9868-57a2d4851a1d" relativeResultsDirectory="262cdfd2-6632-4643-90d6-de42927aece2" />
    <UnitTestResult executionId="1d35f5d8-0b45-4bf8-86f2-dd851b12dbbf" testId="cc37a63c-7b45-49e8-a8d9-860e017a9183" testName="OrchestAI.Tests.NodeTests.WebhookOutNodeTests.Execute_ShouldSendPayloadAndReturnSentTrue" computerName="GREGORYPC" duration="00:00:00.1602621" startTime="2026-05-24T09:33:26.4566516-04:00" endTime="2026-05-24T09:33:26.5652710-04:00" testType="13cdc9d9-ddb5-4fa4-a97d-d965ccfc6d4b" outcome="Passed" testListId="8c84fa94-04c1-424b-9868-57a2d4851a1d" relativeResultsDirectory="1d35f5d8-0b45-4bf8-86f2-dd851b12dbbf" />
    <UnitTestResult executionId="c30e9b52-1b11-46cf-8a5e-59ef9bba0785" testId="c66e168f-f1c5-266a-01ed-ab28e7bdb623" testName="OrchestAI.Tests.InfrastructureTests.StubNodePresetRepositoryTests.DeleteAsync_NonExistentId_ShouldNotThrow" computerName="GREGORYPC" duration="00:00:00.0017072" startTime="2026-05-24T09:33:26.4670727-04:00" endTime="2026-05-24T09:33:26.4686764-04:00" testType="13cdc9d9-ddb5-4fa4-a97d-d965ccfc6d4b" outcome="Passed" testListId="8c84fa94-04c1-424b-9868-57a2d4851a1d" relativeResultsDirectory="c30e9b52-1b11-46cf-8a5e-59ef9bba0785" />
    <UnitTestResult executionId="618d6ac7-ad3b-4f4c-b798-70799c6a9081" testId="31ab5e10-fa02-c535-642e-079a95a251a6" testName="OrchestAI.Tests.InfrastructureTests.StubNodePresetRepositoryTests.ListByNodeTypeAsync_TenantIsolation_ShouldNotLeakCrossTenant" computerName="GREGORYPC" duration="00:00:00.0098399" startTime="2026-05-24T09:33:26.4503894-04:00" endTime="2026-05-24T09:33:26.4515245-04:00" testType="13cdc9d9-ddb5-4fa4-a97d-d965ccfc6d4b" outcome="Passed" testListId="8c84fa94-04c1-424b-9868-57a2d4851a1d" relativeResultsDirectory="618d6ac7-ad3b-4f4c-b798-70799c6a9081" />
    <UnitTestResult executionId="7fbda0b1-0798-4022-87ef-0ba10ead271f" testId="b1d13f0a-900e-7cdc-e466-0dbaaeca1ec9" testName="OrchestAI.Tests.DomainTests.WorkflowTriggerTests.Create_WithWebhookTrigger_SetsFieldsCorrectly" computerName="GREGORYPC" duration="00:00:00.0111222" startTime="2026-05-24T09:33:26.4403506-04:00" endTime="2026-05-24T09:33:26.4420514-04:00" testType="13cdc9d9-ddb5-4fa4-a97d-d965ccfc6d4b" outcome="Passed" testListId="8c84fa94-04c1-424b-9868-57a2d4851a1d" relativeResultsDirectory="7fbda0b1-0798-4022-87ef-0ba10ead271f" />
    <UnitTestResult executionId="40af9601-5526-4a0d-9ce3-09bdea029f84" testId="47763994-0414-4115-e24b-985f828e5510" testName="OrchestAI.Tests.NodeTests.JsonTransformNodeTests.Execute_MissingJsonInput_ShouldThrow" computerName="GREGORYPC" duration="00:00:00.0063570" startTime="2026-05-24T09:33:26.4472393-04:00" endTime="2026-05-24T09:33:26.4488161-04:00" testType="13cdc9d9-ddb5-4fa4-a97d-d965ccfc6d4b" outcome="Passed" testListId="8c84fa94-04c1-424b-9868-57a2d4851a1d" relativeResultsDirectory="40af9601-5526-4a0d-9ce3-09bdea029f84" />
    <UnitTestResult executionId="1b922bc3-80ea-4406-a010-83468ef2a6f6" testId="2e679bb2-640a-5b6c-6389-dacee38af5f6" testName="OrchestAI.Tests.InfrastructureTests.StubNodePresetRepositoryTests.GetAsync_WrongTenantId_ShouldReturnNull" computerName="GREGORYPC" duration="00:00:00.0009836" startTime="2026-05-24T09:33:26.4687898-04:00" endTime="2026-05-24T09:33:26.4696370-04:00" testType="13cdc9d9-ddb5-4fa4-a97d-d965ccfc6d4b" outcome="Passed" testListId="8c84fa94-04c1-424b-9868-57a2d4851a1d" relativeResultsDirectory="1b922bc3-80ea-4406-a010-83468ef2a6f6" />
    <UnitTestResult executionId="748d4091-4747-4a47-b660-d5f2b25c36b5" testId="5ec5efcc-881c-0849-4ab9-ff05352ada24" testName="OrchestAI.Tests.SDKTests.TestContextBuilderTests.WithWorkflowInputs_ShouldBeAvailableOnContext" computerName="GREGORYPC" duration="00:00:00.0005590" startTime="2026-05-24T09:33:26.4501711-04:00" endTime="2026-05-24T09:33:26.4501996-04:00" testType="13cdc9d9-ddb5-4fa4-a97d-d965ccfc6d4b" outcome="Passed" testListId="8c84fa94-04c1-424b-9868-57a2d4851a1d" relativeResultsDirectory="748d4091-4747-4a47-b660-d5f2b25c36b5" />
    <UnitTestResult executionId="faf89558-2543-455e-aa32-8f4476e2278d" testId="9ad10f1e-79b7-1d00-fc08-e8826d81d6a4" testName="OrchestAI.Tests.DomainTests.NodeExecutionRetryTests.IncrementAttempt_CalledMultipleTimes_Should_AccumulateCorrectly" computerName="GREGORYPC" duration="00:00:00.0002486" startTime="2026-05-24T09:33:26.4459474-04:00" endTime="2026-05-24T09:33:26.4459764-04:00" testType="13cdc9d9-ddb5-4fa4-a97d-d965ccfc6d4b" outcome="Passed" testListId="8c84fa94-04c1-424b-9868-57a2d4851a1d" relativeResultsDirectory="faf89558-2543-455e-aa32-8f4476e2278d" />
    <UnitTestResult executionId="95aa8292-7e8f-451c-b218-5b7dc143d33b" testId="85228b6a-828e-7d3c-7280-cafa441e551b" testName="OrchestAI.Tests.DomainTests.NodeExecutionTests.Create_ShouldInitializeWithPendingStatus" computerName="GREGORYPC" duration="00:00:00.0061509" startTime="2026-05-24T09:33:26.4295116-04:00" endTime="2026-05-24T09:33:26.4353992-04:00" testType="13cdc9d9-ddb5-4fa4-a97d-d965ccfc6d4b" outcome="Passed" testListId="8c84fa94-04c1-424b-9868-57a2d4851a1d" relativeResultsDirectory="95aa8292-7e8f-451c-b218-5b7dc143d33b" />
    <UnitTestResult executionId="3efd3af0-36c8-4cd0-b3b5-852bb7c68821" testId="389fcb21-4e86-18ca-ca05-4724674e2337" testName="OrchestAI.Tests.DomainTests.WorkflowTriggerTests.Create_DefaultWebhookSecret_IsNull" computerName="GREGORYPC" duration="00:00:00.0000783" startTime="2026-05-24T09:33:26.4558539-04:00" endTime="2026-05-24T09:33:26.4558968-04:00" testType="13cdc9d9-ddb5-4fa4-a97d-d965ccfc6d4b" outcome="Passed" testListId="8c84fa94-04c1-424b-9868-57a2d4851a1d" relativeResultsDirectory="3efd3af0-36c8-4cd0-b3b5-852bb7c68821" />
    <UnitTestResult executionId="9fba23ca-fa1a-4e98-928e-885013017373" testId="d609e79b-8022-f1f7-6d98-6c6e109fa2f7" testName="OrchestAI.Tests.NodeTests.DataExtractorNodeTests.Type_ShouldBeAiExtract" computerName="GREGORYPC" duration="00:00:00.0010411" startTime="2026-05-24T09:33:26.4562879-04:00" endTime="2026-05-24T09:33:26.4580022-04:00" testType="13cdc9d9-ddb5-4fa4-a97d-d965ccfc6d4b" outcome="Passed" testListId="8c84fa94-04c1-424b-9868-57a2d4851a1d" relativeResultsDirectory="9fba23ca-fa1a-4e98-928e-885013017373" />
    <UnitTestResult executionId="13f5f247-4791-43c1-9cbc-16a79664ef3f" testId="c19b1818-7767-27f5-b791-ef63438afe84" testName="OrchestAI.Tests.ControllerTests.RbacAuthorizationTests.AllPolicies_HaveAtLeastOneRequirement(policyName: &quot;ViewerOrAbove&quot;)" computerName="GREGORYPC" duration="00:00:00.0000549" startTime="2026-05-24T09:33:26.4468696-04:00" endTime="2026-05-24T09:33:26.4468988-04:00" testType="13cdc9d9-ddb5-4fa4-a97d-d965ccfc6d4b" outcome="Passed" testListId="8c84fa94-04c1-424b-9868-57a2d4851a1d" relativeResultsDirectory="13f5f247-4791-43c1-9cbc-16a79664ef3f" />
    <UnitTestResult executionId="b93ead61-dd63-4035-97cd-556fe89486a0" testId="1a30defd-048e-cf21-4e53-d5e75fd463ba" testName="OrchestAI.Tests.NodeTests.HttpRequestNodeAuthTests.Execute_AuthOAuth2_TokenRequestFails_ShouldThrow" computerName="GREGORYPC" duration="00:00:00.0054169" startTime="2026-05-24T09:33:26.5547169-04:00" endTime="2026-05-24T09:33:26.5602098-04:00" testType="13cdc9d9-ddb5-4fa4-a97d-d965ccfc6d4b" outcome="Passed" testListId="8c84fa94-04c1-424b-9868-57a2d4851a1d" relativeResultsDirectory="b93ead61-dd63-4035-97cd-556fe89486a0" />
    <UnitTestResult executionId="be37e118-ecd0-4b8d-8e72-a145893c16eb" testId="e0be205e-2908-5699-fd3f-3e27b44bae31" testName="OrchestAI.Tests.AITests.FakeLLMProviderTests.Id_ShouldBeFake" computerName="GREGORYPC" duration="00:00:00.0001560" startTime="2026-05-24T09:33:26.4480014-04:00" endTime="2026-05-24T09:33:26.4480260-04:00" testType="13cdc9d9-ddb5-4fa4-a97d-d965ccfc6d4b" outcome="Passed" testListId="8c84fa94-04c1-424b-9868-57a2d4851a1d" relativeResultsDirectory="be37e118-ecd0-4b8d-8e72-a145893c16eb" />
    <UnitTestResult executionId="2067bac3-057a-4dc3-bb30-1a6baf4a194b" testId="9dee4019-2b0f-668a-c02c-99b91cecf34b" testName="OrchestAI.Tests.NodeTests.HttpRequestNodeAuthTests.Execute_AuthApiKey_Query_ShouldAppendKeyToQueryString" computerName="GREGORYPC" duration="00:00:00.0031636" startTime="2026-05-24T09:33:26.5521802-04:00" endTime="2026-05-24T09:33:26.5545843-04:00" testType="13cdc9d9-ddb5-4fa4-a97d-d965ccfc6d4b" outcome="Passed" testListId="8c84fa94-04c1-424b-9868-57a2d4851a1d" relativeResultsDirectory="2067bac3-057a-4dc3-bb30-1a6baf4a194b" />
    <UnitTestResult executionId="7191ae68-4d70-4da5-9bbc-b2a2d254f454" testId="fbea8f7c-df4c-0fa3-6ed3-244df519f800" testName="OrchestAI.Tests.DomainTests.NodePresetTests.Create_ShouldStoreAllFields" computerName="GREGORYPC" duration="00:00:00.0004121" startTime="2026-05-24T09:33:26.4372504-04:00" endTime="2026-05-24T09:33:26.4372719-04:00" testType="13cdc9d9-ddb5-4fa4-a97d-d965ccfc6d4b" outcome="Passed" testListId="8c84fa94-04c1-424b-9868-57a2d4851a1d" relativeResultsDirectory="7191ae68-4d70-4da5-9bbc-b2a2d254f454" />
    <UnitTestResult executionId="1f4fa273-cdeb-4a85-aa22-7086d60b7b9a" testId="09901ac5-8855-d508-2aef-a12eccc16da1" testName="OrchestAI.Tests.ControllerTests.RbacAuthorizationTests.AllPolicies_HaveAtLeastOneRequirement(policyName: &quot;AdminOnly&quot;)" computerName="GREGORYPC" duration="00:00:00.0103104" startTime="2026-05-24T09:33:26.4461307-04:00" endTime="2026-05-24T09:33:26.4461534-04:00" testType="13cdc9d9-ddb5-4fa4-a97d-d965ccfc6d4b" outcome="Passed" testListId="8c84fa94-04c1-424b-9868-57a2d4851a1d" relativeResultsDirectory="1f4fa273-cdeb-4a85-aa22-7086d60b7b9a" />
    <UnitTestResult executionId="00e3d2df-d9ff-4668-a668-b7e5050935db" testId="6797c799-3707-971b-54e5-0895045381aa" testName="OrchestAI.Tests.NodeTests.HttpRequestNodeAuthTests.Execute_AuthNone_ShouldNotSetAuthorizationHeader" computerName="GREGORYPC" duration="00:00:00.0011821" startTime="2026-05-24T09:33:26.5642054-04:00" endTime="2026-05-24T09:33:26.5653413-04:00" testType="13cdc9d9-ddb5-4fa4-a97d-d965ccfc6d4b" outcome="Passed" testListId="8c84fa94-04c1-424b-9868-57a2d4851a1d" relativeResultsDirectory="00e3d2df-d9ff-4668-a668-b7e5050935db" />
    <UnitTestResult executionId="f8d19f16-b4d9-44ae-ac74-f2e52338467c" testId="aa0e741b-d3da-4d56-bf79-e43c5b9863fa" testName="OrchestAI.Tests.ControllerTests.WebhooksControllerTests.TriggerWebhook_WrongSecret_Returns401" computerName="GREGORYPC" duration="00:00:00.0016632" startTime="2026-05-24T09:33:26.6004169-04:00" endTime="2026-05-24T09:33:26.6012167-04:00" testType="13cdc9d9-ddb5-4fa4-a97d-d965ccfc6d4b" outcome="Passed" testListId="8c84fa94-04c1-424b-9868-57a2d4851a1d" relativeResultsDirectory="f8d19f16-b4d9-44ae-ac74-f2e52338467c" />
    <UnitTestResult executionId="c6d379d9-e175-47a9-b6b2-b1dd82fbf22e" testId="f9981e74-886b-8c7f-715b-5372ccb0ef72" testName="OrchestAI.Tests.InfrastructureTests.LocalFileDocumentStorageTests.UploadAsync_ShouldCreateFileAndReturnPath" computerName="GREGORYPC" duration="00:00:00.0563793" startTime="2026-05-24T09:33:26.4460542-04:00" endTime="2026-05-24T09:33:26.4641604-04:00" testType="13cdc9d9-ddb5-4fa4-a97d-d965ccfc6d4b" outcome="Passed" testListId="8c84fa94-04c1-424b-9868-57a2d4851a1d" relativeResultsDirectory="c6d379d9-e175-47a9-b6b2-b1dd82fbf22e" />
    <UnitTestResult executionId="cbf397ec-6e0b-4eb3-920d-a1550dfd92d6" testId="9083be2e-6d2c-cd6a-eb2d-c99f4b14e750" testName="OrchestAI.Tests.DomainTests.NodeExecutionTests.Succeed_ShouldSetStatusToSucceeded" computerName="GREGORYPC" duration="00:00:00.0002255" startTime="2026-05-24T09:33:26.4404262-04:00" endTime="2026-05-24T09:33:26.4404555-04:00" testType="13cdc9d9-ddb5-4fa4-a97d-d965ccfc6d4b" outcome="Passed" testListId="8c84fa94-04c1-424b-9868-57a2d4851a1d" relativeResultsDirectory="cbf397ec-6e0b-4eb3-920d-a1550dfd92d6" />
    <UnitTestResult executionId="d7911ad7-41e8-4130-a1dd-94767304daaa" testId="6a8cd24b-f745-b833-5e2d-2e195ea208af" testName="OrchestAI.Tests.ControllerTests.NodePresetsControllerTests.DeletePreset_ShouldCallRepositoryDelete" computerName="GREGORYPC" duration="00:00:00.0014248" startTime="2026-05-24T09:33:26.5659855-04:00" endTime="2026-05-24T09:33:26.5672488-04:00" testType="13cdc9d9-ddb5-4fa4-a97d-d965ccfc6d4b" outcome="Passed" testListId="8c84fa94-04c1-424b-9868-57a2d4851a1d" relativeResultsDirectory="d7911ad7-41e8-4130-a1dd-94767304daaa" />
    <UnitTestResult executionId="6a3f8ccd-6090-473c-af5b-3ec15a79d621" testId="dcae9c62-a590-df36-7f08-9a095e817d26" testName="OrchestAI.Tests.DomainTests.NodeExecutionTests.Start_ShouldSetStatusToRunning" computerName="GREGORYPC" duration="00:00:00.0055819" startTime="2026-05-24T09:33:26.4388419-04:00" endTime="2026-05-24T09:33:26.4403703-04:00" testType="13cdc9d9-ddb5-4fa4-a97d-d965ccfc6d4b" outcome="Passed" testListId="8c84fa94-04c1-424b-9868-57a2d4851a1d" relativeResultsDirectory="6a3f8ccd-6090-473c-af5b-3ec15a79d621" />
    <UnitTestResult executionId="4542490b-3a76-4ee2-8468-50636451a88e" testId="1f47681a-bd85-4e19-1006-3c541414ce9a" testName="OrchestAI.Tests.DomainTests.WorkflowTriggerTests.Create_DefaultCronExpression_IsNull" computerName="GREGORYPC" duration="00:00:00.0008006" startTime="2026-05-24T09:33:26.4544182-04:00" endTime="2026-05-24T09:33:26.4544431-04:00" testType="13cdc9d9-ddb5-4fa4-a97d-d965ccfc6d4b" outcome="Passed" testListId="8c84fa94-04c1-424b-9868-57a2d4851a1d" relativeResultsDirectory="4542490b-3a76-4ee2-8468-50636451a88e" />
    <UnitTestResult executionId="c03144ac-bd8e-47b1-a3c6-8e79b9e0bb36" testId="e76727d7-ff98-3baf-0607-17f846703864" testName="OrchestAI.Tests.NodeTests.HttpRequestNodeAuthTests.Execute_InvalidAuthType_ShouldThrowInvalidOperationException" computerName="GREGORYPC" duration="00:00:00.0038281" startTime="2026-05-24T09:33:26.5604285-04:00" endTime="2026-05-24T09:33:26.5640663-04:00" testType="13cdc9d9-ddb5-4fa4-a97d-d965ccfc6d4b" outcome="Passed" testListId="8c84fa94-04c1-424b-9868-57a2d4851a1d" relativeResultsDirectory="c03144ac-bd8e-47b1-a3c6-8e79b9e0bb36" />
    <UnitTestResult executionId="c3e0f990-353c-4d05-a258-40fffb2a5e8e" testId="4f385589-3f70-0d11-e845-0bd79b1373ef" testName="OrchestAI.Tests.EngineTests.CronSchedulerServiceTests.EvaluateCronWorkflows_InvalidCronExpression_SkipsWorkflowWithoutThrowing" computerName="GREGORYPC" duration="00:00:00.2522562" startTime="2026-05-24T09:33:26.4436102-04:00" endTime="2026-05-24T09:33:26.5975805-04:00" testType="13cdc9d9-ddb5-4fa4-a97d-d965ccfc6d4b" outcome="Passed" testListId="8c84fa94-04c1-424b-9868-57a2d4851a1d" relativeResultsDirectory="c3e0f990-353c-4d05-a258-40fffb2a5e8e" />
    <UnitTestResult executionId="85bf04ea-3b02-42de-937a-5a5876b4a6d4" testId="b53f9603-7647-197d-b485-735696023ccb" testName="OrchestAI.Tests.DomainTests.NodePresetTests.Update_ShouldNotChangeTenantId" computerName="GREGORYPC" duration="00:00:00.0013569" startTime="2026-05-24T09:33:26.4351443-04:00" endTime="2026-05-24T09:33:26.4353191-04:00" testType="13cdc9d9-ddb5-4fa4-a97d-d965ccfc6d4b" outcome="Passed" testListId="8c84fa94-04c1-424b-9868-57a2d4851a1d" relativeResultsDirectory="85bf04ea-3b02-42de-937a-5a5876b4a6d4" />
    <UnitTestResult executionId="b3018fff-b484-4e9e-8a50-02c7857a6384" testId="95016837-b4c6-b012-a63b-20aa1ccc974d" testName="OrchestAI.Tests.NodeTests.SwitchNodeTests.Execute_CaseInsensitive_ShouldMatch" computerName="GREGORYPC" duration="00:00:00.0032640" startTime="2026-05-24T09:33:26.4181824-04:00" endTime="2026-05-24T09:33:26.4196806-04:00" testType="13cdc9d9-ddb5-4fa4-a97d-d965ccfc6d4b" outcome="Passed" testListId="8c84fa94-04c1-424b-9868-57a2d4851a1d" relativeResultsDirectory="b3018fff-b484-4e9e-8a50-02c7857a6384" />
    <UnitTestResult executionId="fdcfa6db-f6e4-47b3-b538-49b3c55001b0" testId="f4066bf6-a782-6efc-af9c-7f4c2a297e39" testName="OrchestAI.Tests.DomainTests.WorkflowTriggerTests.Create_DefaultTriggerType_IsManual" computerName="GREGORYPC" duration="00:00:00.0005285" startTime="2026-05-24T09:33:26.4533563-04:00" endTime="2026-05-24T09:33:26.4534439-04:00" testType="13cdc9d9-ddb5-4fa4-a97d-d965ccfc6d4b" outcome="Passed" testListId="8c84fa94-04c1-424b-9868-57a2d4851a1d" relativeResultsDirectory="fdcfa6db-f6e4-47b3-b538-49b3c55001b0" />
    <UnitTestResult executionId="b8650b72-078e-4e55-a667-21771a777dd2" testId="d856777f-22f3-6e56-5b2f-b9638755e9f7" testName="OrchestAI.Tests.SDKTests.TestContextBuilderTests.WithInputs_ShouldBeAvailableOnContext" computerName="GREGORYPC" duration="00:00:00.0004600" startTime="2026-05-24T09:33:26.4511821-04:00" endTime="2026-05-24T09:33:26.4512054-04:00" testType="13cdc9d9-ddb5-4fa4-a97d-d965ccfc6d4b" outcome="Passed" testListId="8c84fa94-04c1-424b-9868-57a2d4851a1d" relativeResultsDirectory="b8650b72-078e-4e55-a667-21771a777dd2" />
    <UnitTestResult executionId="bf7bdc8c-4d49-423a-ba35-cacd8a9d1203" testId="f7288ec7-671e-2b7b-db20-6d328b426ae4" testName="OrchestAI.Tests.EngineTests.ExpressionEvaluatorTests.Evaluate_NumericComparison_ShouldWork" computerName="GREGORYPC" duration="00:00:00.0022108" startTime="2026-05-24T09:33:26.4179957-04:00" endTime="2026-05-24T09:33:26.4188676-04:00" testType="13cdc9d9-ddb5-4fa4-a97d-d965ccfc6d4b" outcome="Passed" testListId="8c84fa94-04c1-424b-9868-57a2d4851a1d" relativeResultsDirectory="bf7bdc8c-4d49-423a-ba35-cacd8a9d1203" />
    <UnitTestResult executionId="5cd8f424-7413-4597-89db-e2f4df739040" testId="591247ef-f86e-9926-3bbb-1b38a4ddbda2" testName="OrchestAI.Tests.DomainTests.DocumentTests.Create_ShouldInitializeProperly" computerName="GREGORYPC" duration="00:00:00.0731175" startTime="2026-05-24T09:33:26.2289728-04:00" endTime="2026-05-24T09:33:26.3848073-04:00" testType="13cdc9d9-ddb5-4fa4-a97d-d965ccfc6d4b" outcome="Passed" testListId="8c84fa94-04c1-424b-9868-57a2d4851a1d" relativeResultsDirectory="5cd8f424-7413-4597-89db-e2f4df739040" />
    <UnitTestResult executionId="cf6f3c2b-890a-4219-890c-51ede0939e5f" testId="8ac5beec-67a8-2a95-942e-dac1b1b8ef9b" testName="OrchestAI.Tests.DomainTests.UserRoleTests.SetRole_CalledMultipleTimes_UsesLastValue" computerName="GREGORYPC" duration="00:00:00.0014786" startTime="2026-05-24T09:33:26.4342597-04:00" endTime="2026-05-24T09:33:26.4351639-04:00" testType="13cdc9d9-ddb5-4fa4-a97d-d965ccfc6d4b" outcome="Passed" testListId="8c84fa94-04c1-424b-9868-57a2d4851a1d" relativeResultsDirectory="cf6f3c2b-890a-4219-890c-51ede0939e5f" />
    <UnitTestResult executionId="9b0b149f-e505-4d4a-8ee0-6c08e8b5186f" testId="cbf4611b-e846-ca0e-3b5e-0ef92b451dac" testName="OrchestAI.Tests.InfrastructureTests.StubNodePresetRepositoryTests.ListByNodeTypeAsync_ShouldReturnResultsOrderedByName" computerName="GREGORYPC" duration="00:00:00.0028501" startTime="2026-05-24T09:33:26.4660444-04:00" endTime="2026-05-24T09:33:26.4668473-04:00" testType="13cdc9d9-ddb5-4fa4-a97d-d965ccfc6d4b" outcome="Passed" testListId="8c84fa94-04c1-424b-9868-57a2d4851a1d" relativeResultsDirectory="9b0b149f-e505-4d4a-8ee0-6c08e8b5186f" />
    <UnitTestResult executionId="10d6ef21-af4d-41b4-ad92-1be53989a1e8" testId="92efde29-3039-67e2-020d-3a7de0609b0f" testName="OrchestAI.Tests.NodeTests.TranslationNodeTests.Type_ShouldBeAiTranslate" computerName="GREGORYPC" duration="00:00:00.0018718" startTime="2026-05-24T09:33:26.4181091-04:00" endTime="2026-05-24T09:33:26.4189336-04:00" testType="13cdc9d9-ddb5-4fa4-a97d-d965ccfc6d4b" outcome="Passed" testListId="8c84fa94-04c1-424b-9868-57a2d4851a1d" relativeResultsDirectory="10d6ef21-af4d-41b4-ad92-1be53989a1e8" />
    <UnitTestResult executionId="427ce28d-a3f3-47ee-81ce-f712413e417e" testId="f03c7732-5804-1988-da21-d9ff0a7be86d" testName="OrchestAI.Tests.ControllerTests.NodePresetsControllerTests.DeletePreset_ShouldReturnNoContent" computerName="GREGORYPC" duration="00:00:00.0036950" startTime="2026-05-24T09:33:26.5570210-04:00" endTime="2026-05-24T09:33:26.5606927-04:00" testType="13cdc9d9-ddb5-4fa4-a97d-d965ccfc6d4b" outcome="Passed" testListId="8c84fa94-04c1-424b-9868-57a2d4851a1d" relativeResultsDirectory="427ce28d-a3f3-47ee-81ce-f712413e417e" />
    <UnitTestResult executionId="5ab1e4ea-f3da-452a-bfae-a82f90e4dc1c" testId="fc226f9c-f738-b05e-e825-b5f4893b600a" testName="OrchestAI.Tests.InfrastructureTests.StubNodePresetRepositoryTests.Create_ShouldPersistPreset" computerName="GREGORYPC" duration="00:00:00.0036880" startTime="2026-05-24T09:33:26.4471295-04:00" endTime="2026-05-24T09:33:26.4473582-04:00" testType="13cdc9d9-ddb5-4fa4-a97d-d965ccfc6d4b" outcome="Passed" testListId="8c84fa94-04c1-424b-9868-57a2d4851a1d" relativeResultsDirectory="5ab1e4ea-f3da-452a-bfae-a82f90e4dc1c" />
    <UnitTestResult executionId="8ee30aa1-4e31-4806-81fa-3a095049be58" testId="cb3a1a20-30e9-cfac-469d-c4f285a5c7b2" testName="OrchestAI.Tests.NodeTests.SwitchNodeTests.Execute_MatchingCase_ShouldReturnMatchedTrue" computerName="GREGORYPC" duration="00:00:00.0485301" startTime="2026-05-24T09:33:26.2277555-04:00" endTime="2026-05-24T09:33:26.2788044-04:00" testType="13cdc9d9-ddb5-4fa4-a97d-d965ccfc6d4b" outcome="Passed" testListId="8c84fa94-04c1-424b-9868-57a2d4851a1d" relativeResultsDirectory="8ee30aa1-4e31-4806-81fa-3a095049be58" />
    <UnitTestResult executionId="a74cb2bb-aee5-4746-8b16-4b23ae999d75" testId="4fd551cf-a091-5d4a-6148-7a6c7dc4a101" testName="OrchestAI.Tests.NodeTests.JsonTransformNodeTests.Execute_MissingPath_ShouldReturnNullGracefully" computerName="GREGORYPC" duration="00:00:00.0281617" startTime="2026-05-24T09:33:26.4437626-04:00" endTime="2026-05-24T09:33:26.4471554-04:00" testType="13cdc9d9-ddb5-4fa4-a97d-d965ccfc6d4b" outcome="Passed" testListId="8c84fa94-04c1-424b-9868-57a2d4851a1d" relativeResultsDirectory="a74cb2bb-aee5-4746-8b16-4b23ae999d75" />
    <UnitTestResult executionId="a3be1b30-809a-4f93-b6ef-e67463ea932b" testId="1d6d96a4-25ac-f4d7-6372-53a453e70e5a" testName="OrchestAI.Tests.DomainTests.WorkflowTriggerTests.Create_WithCronTrigger_SetsFieldsCorrectly" computerName="GREGORYPC" duration="00:00:00.0006084" startTime="2026-05-24T09:33:26.4545075-04:00" endTime="2026-05-24T09:33:26.4547654-04:00" testType="13cdc9d9-ddb5-4fa4-a97d-d965ccfc6d4b" outcome="Passed" testListId="8c84fa94-04c1-424b-9868-57a2d4851a1d" relativeResultsDirectory="a3be1b30-809a-4f93-b6ef-e67463ea932b" />
    <UnitTestResult executionId="e0ecd285-b61d-4b82-af2b-0719e7a60ce6" testId="43247762-0e7d-5034-4558-6feaa44fc9c8" testName="OrchestAI.Tests.InfrastructureTests.RedisExecutionQueueTests.ReadAllAsync_Should_YieldMessages" computerName="GREGORYPC" duration="00:00:00.0140118" startTime="2026-05-24T09:33:26.6025956-04:00" endTime="2026-05-24T09:33:26.6164048-04:00" testType="13cdc9d9-ddb5-4fa4-a97d-d965ccfc6d4b" outcome="Passed" testListId="8c84fa94-04c1-424b-9868-57a2d4851a1d" relativeResultsDirectory="e0ecd285-b61d-4b82-af2b-0719e7a60ce6" />
    <UnitTestResult executionId="f8432b9e-2a0a-4053-9b11-762f67e46d40" testId="88f197d7-1727-4dcb-8898-5de462f7ab54" testName="OrchestAI.Tests.InfrastructureTests.StubNodePresetRepositoryTests.DeleteAsync_ShouldRemovePreset" computerName="GREGORYPC" duration="00:00:00.0025427" startTime="2026-05-24T09:33:26.4478765-04:00" endTime="2026-05-24T09:33:26.4485420-04:00" testType="13cdc9d9-ddb5-4fa4-a97d-d965ccfc6d4b" outcome="Passed" testListId="8c84fa94-04c1-424b-9868-57a2d4851a1d" relativeResultsDirectory="f8432b9e-2a0a-4053-9b11-762f67e46d40" />
    <UnitTestResult executionId="cd462790-e54d-4e78-9e5e-ea1e297c4805" testId="7c8d3927-d9b5-d76b-bbb3-b4908b9808b4" testName="OrchestAI.Tests.AITests.LLMProviderRouterTests.Route_NullModel_ShouldReturnDefaultProvider" computerName="GREGORYPC" duration="00:00:00.0002631" startTime="2026-05-24T09:33:26.4758060-04:00" endTime="2026-05-24T09:33:26.4758447-04:00" testType="13cdc9d9-ddb5-4fa4-a97d-d965ccfc6d4b" outcome="Passed" testListId="8c84fa94-04c1-424b-9868-57a2d4851a1d" relativeResultsDirectory="cd462790-e54d-4e78-9e5e-ea1e297c4805" />
    <UnitTestResult executionId="c0e847e2-655f-4791-a5a9-3c4444db7482" testId="c118e9c7-e1d1-013e-aa6c-b647573e4a24" testName="OrchestAI.Tests.NodeTests.SwitchNodeTests.Type_ShouldBeLogicSwitch" computerName="GREGORYPC" duration="00:00:00.0037735" startTime="2026-05-24T09:33:26.4154238-04:00" endTime="2026-05-24T09:33:26.4180938-04:00" testType="13cdc9d9-ddb5-4fa4-a97d-d965ccfc6d4b" outcome="Passed" testListId="8c84fa94-04c1-424b-9868-57a2d4851a1d" relativeResultsDirectory="c0e847e2-655f-4791-a5a9-3c4444db7482" />
    <UnitTestResult executionId="6975f35c-582d-4950-937c-822ad457d459" testId="4612e51f-bf45-81a7-4bdf-3a194c628e8c" testName="OrchestAI.Tests.ControllerTests.NodePresetsControllerTests.UpdatePreset_ExistingId_ReturnsOkWithUpdatedDto" computerName="GREGORYPC" duration="00:00:00.0054583" startTime="2026-05-24T09:33:26.5828309-04:00" endTime="2026-05-24T09:33:26.5876808-04:00" testType="13cdc9d9-ddb5-4fa4-a97d-d965ccfc6d4b" outcome="Passed" testListId="8c84fa94-04c1-424b-9868-57a2d4851a1d" relativeResultsDirectory="6975f35c-582d-4950-937c-822ad457d459" />
    <UnitTestResult executionId="8a8a422b-fbc5-4afd-a001-801e058df960" testId="54c450b0-69f9-3063-1d84-dace87c52b44" testName="OrchestAI.Tests.NodeTests.HttpRequestNodeAuthTests.Execute_AuthOAuth2_ShouldFetchTokenAndAttachAsBearerHeader" computerName="GREGORYPC" duration="00:00:00.0032839" startTime="2026-05-24T09:33:26.5654248-04:00" endTime="2026-05-24T09:33:26.5687112-04:00" testType="13cdc9d9-ddb5-4fa4-a97d-d965ccfc6d4b" outcome="Passed" testListId="8c84fa94-04c1-424b-9868-57a2d4851a1d" relativeResultsDirectory="8a8a422b-fbc5-4afd-a001-801e058df960" />
    <UnitTestResult executionId="c1e61563-ff3c-4267-bc80-da9e8de9aeb4" testId="80a62deb-2092-3ed9-6831-d7f74421cc60" testName="OrchestAI.Tests.NodeTests.WebhookOutNodeTests.Type_ShouldBeIntegrationsWebhookOut" computerName="GREGORYPC" duration="00:00:00.0016082" startTime="2026-05-24T09:33:26.4561176-04:00" endTime="2026-05-24T09:33:26.4565216-04:00" testType="13cdc9d9-ddb5-4fa4-a97d-d965ccfc6d4b" outcome="Passed" testListId="8c84fa94-04c1-424b-9868-57a2d4851a1d" relativeResultsDirectory="c1e61563-ff3c-4267-bc80-da9e8de9aeb4" />
    <UnitTestResult executionId="bdb04a41-2062-407d-81c9-9d8fe7397fc1" testId="b6ce9f29-33d8-5612-8f4f-6ac11471a6ec" testName="OrchestAI.Tests.EngineTests.NodeRegistryTests.Register_AndGetNode_ShouldReturnRegisteredNode" computerName="GREGORYPC" duration="00:00:00.0010134" startTime="2026-05-24T09:33:26.5715590-04:00" endTime="2026-05-24T09:33:26.5724136-04:00" testType="13cdc9d9-ddb5-4fa4-a97d-d965ccfc6d4b" outcome="Passed" testListId="8c84fa94-04c1-424b-9868-57a2d4851a1d" relativeResultsDirectory="bdb04a41-2062-407d-81c9-9d8fe7397fc1" />
    <UnitTestResult executionId="e96fb03d-a812-4835-a496-a69e6115f8d2" testId="11959ac0-367b-c5c7-cd47-d4030caf5990" testName="OrchestAI.Tests.NodeTests.DataExtractorNodeTests.Execute_ValidJson_ShouldOutputExtractedJson" computerName="GREGORYPC" duration="00:00:00.0223656" startTime="2026-05-24T09:33:26.4484959-04:00" endTime="2026-05-24T09:33:26.4546861-04:00" testType="13cdc9d9-ddb5-4fa4-a97d-d965ccfc6d4b" outcome="Passed" testListId="8c84fa94-04c1-424b-9868-57a2d4851a1d" relativeResultsDirectory="e96fb03d-a812-4835-a496-a69e6115f8d2" />
    <UnitTestResult executionId="57f57a20-04f2-4efe-bf32-95df6163b21b" testId="1d8dce4d-0298-fb12-e1b6-9f1cae55f4f1" testName="OrchestAI.Tests.AITests.LLMProviderRouterTests.Route_UnknownProvider_ShouldFallbackToDefault" computerName="GREGORYPC" duration="00:00:00.0003441" startTime="2026-05-24T09:33:26.4759630-04:00" endTime="2026-05-24T09:33:26.4761171-04:00" testType="13cdc9d9-ddb5-4fa4-a97d-d965ccfc6d4b" outcome="Passed" testListId="8c84fa94-04c1-424b-9868-57a2d4851a1d" relativeResultsDirectory="57f57a20-04f2-4efe-bf32-95df6163b21b" />
    <UnitTestResult executionId="3e4fd112-cd15-4759-9a20-695d11314942" testId="ea50151a-c1c9-2504-6667-5f7e26ec7fdf" testName="OrchestAI.Tests.NotificationTests.SignalRExecutionNotifierTests.NotifyNodeCompleted_SendsToCorrectGroupAndMethod" computerName="GREGORYPC" duration="00:00:00.0066176" startTime="2026-05-24T09:33:26.5827012-04:00" endTime="2026-05-24T09:33:26.5875878-04:00" testType="13cdc9d9-ddb5-4fa4-a97d-d965ccfc6d4b" outcome="Passed" testListId="8c84fa94-04c1-424b-9868-57a2d4851a1d" relativeResultsDirectory="3e4fd112-cd15-4759-9a20-695d11314942" />
    <UnitTestResult executionId="356f36e0-e665-4685-bc7b-7a46df8f6894" testId="2de23827-49d2-eba1-0a78-6982bbdb7232" testName="OrchestAI.Tests.NodeTests.HttpRequestNodeAuthTests.Descriptor_ShouldHaveExpectedOutputs" computerName="GREGORYPC" duration="00:00:00.0015648" startTime="2026-05-24T09:33:26.5411693-04:00" endTime="2026-05-24T09:33:26.5419916-04:00" testType="13cdc9d9-ddb5-4fa4-a97d-d965ccfc6d4b" outcome="Passed" testListId="8c84fa94-04c1-424b-9868-57a2d4851a1d" relativeResultsDirectory="356f36e0-e665-4685-bc7b-7a46df8f6894" />
    <UnitTestResult executionId="dafa1959-dd9a-4c3f-a58f-5c4feebcf66b" testId="bace22dd-bfe7-9d6e-0cb8-0689d2b35ec7" testName="OrchestAI.Tests.NodeTests.MergeNodeTests.Execute_ShouldForwardAllInputsAsOutputs" computerName="GREGORYPC" duration="00:00:00.0044159" startTime="2026-05-24T09:33:26.4382888-04:00" endTime="2026-05-24T09:33:26.4394679-04:00" testType="13cdc9d9-ddb5-4fa4-a97d-d965ccfc6d4b" outcome="Passed" testListId="8c84fa94-04c1-424b-9868-57a2d4851a1d" relativeResultsDirectory="dafa1959-dd9a-4c3f-a58f-5c4feebcf66b" />
    <UnitTestResult executionId="27e02b3f-7842-4675-9c39-f90619c3a2c7" testId="1d36b7b1-3bdc-05fc-e077-b06ce893eb20" testName="OrchestAI.Tests.DomainTests.NodePresetTests.Create_MultiplePresets_ShouldHaveDistinctIds" computerName="GREGORYPC" duration="00:00:00.0012052" startTime="2026-05-24T09:33:26.4380490-04:00" endTime="2026-05-24T09:33:26.4380752-04:00" testType="13cdc9d9-ddb5-4fa4-a97d-d965ccfc6d4b" outcome="Passed" testListId="8c84fa94-04c1-424b-9868-57a2d4851a1d" relativeResultsDirectory="27e02b3f-7842-4675-9c39-f90619c3a2c7" />
    <UnitTestResult executionId="4e3b86b3-d369-451c-9e20-113fbeed7128" testId="4d01f4cd-0a6a-3bcf-e3e5-3a78e7852597" testName="OrchestAI.Tests.DomainTests.RetryPolicyTests.Create_WithMultiplierBelowOne_ShouldThrow" computerName="GREGORYPC" duration="00:00:00.0047975" startTime="2026-05-24T09:33:26.4604480-04:00" endTime="2026-05-24T09:33:26.4625998-04:00" testType="13cdc9d9-ddb5-4fa4-a97d-d965ccfc6d4b" outcome="Passed" testListId="8c84fa94-04c1-424b-9868-57a2d4851a1d" relativeResultsDirectory="4e3b86b3-d369-451c-9e20-113fbeed7128" />
    <UnitTestResult executionId="9b737e83-436b-4d7f-b541-ea6530297335" testId="85f43cf9-bac6-257e-bdc8-26df220c4583" testName="OrchestAI.Tests.NodeTests.HttpRequestNodeAuthTests.Execute_AuthBearer_ShouldSetBearerAuthorizationHeader" computerName="GREGORYPC" duration="00:00:00.2114041" startTime="2026-05-24T09:33:26.4390274-04:00" endTime="2026-05-24T09:33:26.5387660-04:00" testType="13cdc9d9-ddb5-4fa4-a97d-d965ccfc6d4b" outcome="Passed" testListId="8c84fa94-04c1-424b-9868-57a2d4851a1d" relativeResultsDirectory="9b737e83-436b-4d7f-b541-ea6530297335" />
    <UnitTestResult executionId="9f4e9fd8-ab5d-44a9-b56c-c1b7ff3671a1" testId="2510d755-d13a-83cc-7d6b-bb71dee07dd3" testName="OrchestAI.Tests.DomainTests.ApprovalRequestTests.Reject_ShouldSetCorrectProperties" computerName="GREGORYPC" duration="00:00:00.0177387" startTime="2026-05-24T09:33:26.4546369-04:00" endTime="2026-05-24T09:33:26.4624212-04:00" testType="13cdc9d9-ddb5-4fa4-a97d-d965ccfc6d4b" outcome="Passed" testListId="8c84fa94-04c1-424b-9868-57a2d4851a1d" relativeResultsDirectory="9f4e9fd8-ab5d-44a9-b56c-c1b7ff3671a1" />
    <UnitTestResult executionId="79670b83-4e80-4822-91e9-f92ccc63c192" testId="31d34d8e-d5e1-b6a4-c446-2b9a4fb7258a" testName="OrchestAI.Tests.DomainTests.ApprovalRequestTests.Approve_ShouldSetCorrectProperties" computerName="GREGORYPC" duration="00:00:00.0014162" startTime="2026-05-24T09:33:26.4624861-04:00" endTime="2026-05-24T09:33:26.4633852-04:00" testType="13cdc9d9-ddb5-4fa4-a97d-d965ccfc6d4b" outcome="Passed" testListId="8c84fa94-04c1-424b-9868-57a2d4851a1d" relativeResultsDirectory="79670b83-4e80-4822-91e9-f92ccc63c192" />
    <UnitTestResult executionId="83460194-a82d-4567-bf41-efec50e77e5b" testId="20c8a422-4d0d-25b2-bd58-829dda399d06" testName="OrchestAI.Tests.DomainTests.UserRoleTests.UserRole_AllExpectedValues_Exist(role: Editor)" computerName="GREGORYPC" duration="00:00:00.0000056" startTime="2026-05-24T09:33:26.4365218-04:00" endTime="2026-05-24T09:33:26.4365813-04:00" testType="13cdc9d9-ddb5-4fa4-a97d-d965ccfc6d4b" outcome="Passed" testListId="8c84fa94-04c1-424b-9868-57a2d4851a1d" relativeResultsDirectory="83460194-a82d-4567-bf41-efec50e77e5b" />
    <UnitTestResult executionId="53a68f8b-b8dc-4bba-8727-0d2589cdc520" testId="8023f3f8-ada7-6ee9-f792-db6da57087cf" testName="OrchestAI.Tests.ControllerTests.NodePresetsControllerTests.ListPresets_EmptyRepository_ReturnsOkWithEmptyList" computerName="GREGORYPC" duration="00:00:00.0029181" startTime="2026-05-24T09:33:26.5698464-04:00" endTime="2026-05-24T09:33:26.5721719-04:00" testType="13cdc9d9-ddb5-4fa4-a97d-d965ccfc6d4b" outcome="Passed" testListId="8c84fa94-04c1-424b-9868-57a2d4851a1d" relativeResultsDirectory="53a68f8b-b8dc-4bba-8727-0d2589cdc520" />
    <UnitTestResult executionId="3be11cc1-fac6-481b-908b-48b4662aecd3" testId="7402a2d4-a0f7-1cd6-019b-bd95868cc3dc" testName="OrchestAI.Tests.NodeTests.HttpRequestNodeTests.Execute_SuccessResponse_ShouldReturnStatusAndBody" computerName="GREGORYPC" duration="00:00:00.1697660" startTime="2026-05-24T09:33:26.4500163-04:00" endTime="2026-05-24T09:33:26.5522147-04:00" testType="13cdc9d9-ddb5-4fa4-a97d-d965ccfc6d4b" outcome="Passed" testListId="8c84fa94-04c1-424b-9868-57a2d4851a1d" relativeResultsDirectory="3be11cc1-fac6-481b-908b-48b4662aecd3" />
    <UnitTestResult executionId="eeaa4367-4060-47f0-bb1c-9781be4152f4" testId="84d3a7f3-eb72-eb37-bf6f-d3c97bd73978" testName="OrchestAI.Tests.DomainTests.NodePresetTests.Update_ShouldChangeName" computerName="GREGORYPC" duration="00:00:00.0030133" startTime="2026-05-24T09:33:26.4353762-04:00" endTime="2026-05-24T09:33:26.4371882-04:00" testType="13cdc9d9-ddb5-4fa4-a97d-d965ccfc6d4b" outcome="Passed" testListId="8c84fa94-04c1-424b-9868-57a2d4851a1d" relativeResultsDirectory="eeaa4367-4060-47f0-bb1c-9781be4152f4" />
    <UnitTestResult executionId="ea3a46e6-219f-4e6d-b3e0-e5e25d9bc2b7" testId="430a16a1-1547-d594-a5d6-c5964fcc70ca" testName="OrchestAI.Tests.NodeTests.ConditionNodeTests.Execute_TrueExpression_ShouldReturnTrue" computerName="GREGORYPC" duration="00:00:00.0038822" startTime="2026-05-24T09:33:26.4394477-04:00" endTime="2026-05-24T09:33:26.4405469-04:00" testType="13cdc9d9-ddb5-4fa4-a97d-d965ccfc6d4b" outcome="Passed" testListId="8c84fa94-04c1-424b-9868-57a2d4851a1d" relativeResultsDirectory="ea3a46e6-219f-4e6d-b3e0-e5e25d9bc2b7" />
    <UnitTestResult executionId="e1a76e9a-47e0-4880-b32f-138d4b4c93ee" testId="13185144-1971-2323-2161-9ec784328ba7" testName="OrchestAI.Tests.ControllerTests.NodePresetsControllerTests.CreatePreset_ValidRequest_ReturnsCreatedAtAction" computerName="GREGORYPC" duration="00:00:00.0082326" startTime="2026-05-24T09:33:26.5487944-04:00" endTime="2026-05-24T09:33:26.5569110-04:00" testType="13cdc9d9-ddb5-4fa4-a97d-d965ccfc6d4b" outcome="Passed" testListId="8c84fa94-04c1-424b-9868-57a2d4851a1d" relativeResultsDirectory="e1a76e9a-47e0-4880-b32f-138d4b4c93ee" />
    <UnitTestResult executionId="55b234b0-953a-4318-8615-ce148e187335" testId="7ed26a5b-c339-d216-2289-d5c0ccb4e013" testName="OrchestAI.Tests.ControllerTests.NodePresetsControllerTests.GetPreset_ExistingId_ReturnsOkWithDto" computerName="GREGORYPC" duration="00:00:00.0020161" startTime="2026-05-24T09:33:26.5722618-04:00" endTime="2026-05-24T09:33:26.5742364-04:00" testType="13cdc9d9-ddb5-4fa4-a97d-d965ccfc6d4b" outcome="Passed" testListId="8c84fa94-04c1-424b-9868-57a2d4851a1d" relativeResultsDirectory="55b234b0-953a-4318-8615-ce148e187335" />
    <UnitTestResult executionId="203a653a-8b71-4bb7-9a56-21ac0afb3e88" testId="5a916026-a5e2-90b1-e81b-64d1754334c6" testName="OrchestAI.Tests.EngineTests.ValidationResultTests.Failure_WithMultipleErrors_ShouldContainAll" computerName="GREGORYPC" duration="00:00:00.0028980" startTime="2026-05-24T09:33:26.4152781-04:00" endTime="2026-05-24T09:33:26.4162248-04:00" testType="13cdc9d9-ddb5-4fa4-a97d-d965ccfc6d4b" outcome="Passed" testListId="8c84fa94-04c1-424b-9868-57a2d4851a1d" relativeResultsDirectory="203a653a-8b71-4bb7-9a56-21ac0afb3e88" />
    <UnitTestResult executionId="90b2de1e-db4b-4ccd-8e5a-96e4dc32859f" testId="b6e2af78-bd29-978e-ea02-8352ee535bbb" testName="OrchestAI.Tests.InfrastructureTests.LocalFileDocumentStorageTests.DownloadAsync_NonExistingFile_ShouldThrow" computerName="GREGORYPC" duration="00:00:00.0055652" startTime="2026-05-24T09:33:26.4649870-04:00" endTime="2026-05-24T09:33:26.4650345-04:00" testType="13cdc9d9-ddb5-4fa4-a97d-d965ccfc6d4b" outcome="Passed" testListId="8c84fa94-04c1-424b-9868-57a2d4851a1d" relativeResultsDirectory="90b2de1e-db4b-4ccd-8e5a-96e4dc32859f" />
    <UnitTestResult executionId="2c8163c3-e332-4033-b9b8-9a23f1427452" testId="8a7265d8-b968-2186-e6f0-9920b34df0d0" testName="OrchestAI.Tests.NodeTests.SystemStartNodeTests.Execute_ShouldPassThroughWorkflowInputs" computerName="GREGORYPC" duration="00:00:00.0485866" startTime="2026-05-24T09:33:26.2291204-04:00" endTime="2026-05-24T09:33:26.3331031-04:00" testType="13cdc9d9-ddb5-4fa4-a97d-d965ccfc6d4b" outcome="Passed" testListId="8c84fa94-04c1-424b-9868-57a2d4851a1d" relativeResultsDirectory="2c8163c3-e332-4033-b9b8-9a23f1427452" />
    <UnitTestResult executionId="649b6056-8384-414b-ab96-3d82e59a1729" testId="9b25fe7a-ea3c-7afc-77b0-a5c6fe2d8500" testName="OrchestAI.Tests.ControllerTests.NodePresetsControllerTests.UpdatePreset_UnknownId_ReturnsNotFound" computerName="GREGORYPC" duration="00:00:00.0033926" startTime="2026-05-24T09:33:26.5877984-04:00" endTime="2026-05-24T09:33:26.5911538-04:00" testType="13cdc9d9-ddb5-4fa4-a97d-d965ccfc6d4b" outcome="Passed" testListId="8c84fa94-04c1-424b-9868-57a2d4851a1d" relativeResultsDirectory="649b6056-8384-414b-ab96-3d82e59a1729" />
    <UnitTestResult executionId="b3816975-3086-436c-a73a-dddf45961bea" testId="9ce7c716-a278-6d62-6c3a-3ce368f19394" testName="OrchestAI.Tests.InfrastructureTests.JwtTokenServiceTests.GenerateToken_ShouldContainUserClaims" computerName="GREGORYPC" duration="00:00:00.0512238" startTime="2026-05-24T09:33:26.4525577-04:00" endTime="2026-05-24T09:33:26.4651035-04:00" testType="13cdc9d9-ddb5-4fa4-a97d-d965ccfc6d4b" outcome="Passed" testListId="8c84fa94-04c1-424b-9868-57a2d4851a1d" relativeResultsDirectory="b3816975-3086-436c-a73a-dddf45961bea" />
    <UnitTestResult executionId="0194c994-db2d-4708-86da-d4cf78ee07b1" testId="536c20b0-4997-e21a-33cf-f7efec5c0feb" testName="OrchestAI.Tests.EngineTests.WorkflowValidatorTests.Validate_MissingStartNode_ShouldReturnError" computerName="GREGORYPC" duration="00:00:00.0107618" startTime="2026-05-24T09:33:26.5847069-04:00" endTime="2026-05-24T09:33:26.5953858-04:00" testType="13cdc9d9-ddb5-4fa4-a97d-d965ccfc6d4b" outcome="Passed" testListId="8c84fa94-04c1-424b-9868-57a2d4851a1d" relativeResultsDirectory="0194c994-db2d-4708-86da-d4cf78ee07b1" />
    <UnitTestResult executionId="9cd10c38-5727-4c33-aae1-946e122e4ccb" testId="96c29b9d-258d-8a38-f53c-9fc9d0d82b66" testName="OrchestAI.Tests.DomainTests.RetryPolicyTests.Create_WithNegativeMaxAttempts_ShouldThrow" computerName="GREGORYPC" duration="00:00:00.0014820" startTime="2026-05-24T09:33:26.4640718-04:00" endTime="2026-05-24T09:33:26.4646607-04:00" testType="13cdc9d9-ddb5-4fa4-a97d-d965ccfc6d4b" outcome="Passed" testListId="8c84fa94-04c1-424b-9868-57a2d4851a1d" relativeResultsDirectory="9cd10c38-5727-4c33-aae1-946e122e4ccb" />
    <UnitTestResult executionId="ccc34d7b-f764-4567-a848-441f4dd13226" testId="bd56040b-4293-f672-ca6f-d769163e8d5f" testName="OrchestAI.Tests.ControllerTests.RbacAuthorizationTests.ViewerOrAbovePolicy_Exists" computerName="GREGORYPC" duration="00:00:00.1373536" startTime="2026-05-24T09:33:26.2290972-04:00" endTime="2026-05-24T09:33:26.4460727-04:00" testType="13cdc9d9-ddb5-4fa4-a97d-d965ccfc6d4b" outcome="Passed" testListId="8c84fa94-04c1-424b-9868-57a2d4851a1d" relativeResultsDirectory="ccc34d7b-f764-4567-a848-441f4dd13226" />
    <UnitTestResult executionId="85e5116e-d52d-4913-bfc6-55c7288bd5a2" testId="97dbb176-ba6c-cc31-bfe2-7cd762e00bd3" testName="OrchestAI.Tests.DomainTests.RetryPolicyTests.GetDelay_Attempt3_ShouldQuadrupleBaseDelay" computerName="GREGORYPC" duration="00:00:00.0051528" startTime="2026-05-24T09:33:26.4531735-04:00" endTime="2026-05-24T09:33:26.4549150-04:00" testType="13cdc9d9-ddb5-4fa4-a97d-d965ccfc6d4b" outcome="Passed" testListId="8c84fa94-04c1-424b-9868-57a2d4851a1d" relativeResultsDirectory="85e5116e-d52d-4913-bfc6-55c7288bd5a2" />
    <UnitTestResult executionId="17ccf868-7623-4863-a866-fc300fa89426" testId="b8fd447f-07b0-7d9b-5635-b7c70b9fa2ce" testName="OrchestAI.Tests.DomainTests.WorkflowTriggerTests.SetTrigger_ToCron_SetsExpressionAndClearsSecret" computerName="GREGORYPC" duration="00:00:00.0001571" startTime="2026-05-24T09:33:26.4556939-04:00" endTime="2026-05-24T09:33:26.4557402-04:00" testType="13cdc9d9-ddb5-4fa4-a97d-d965ccfc6d4b" outcome="Passed" testListId="8c84fa94-04c1-424b-9868-57a2d4851a1d" relativeResultsDirectory="17ccf868-7623-4863-a866-fc300fa89426" />
    <UnitTestResult executionId="9b098f69-8708-4791-8187-9dc866dd1dee" testId="040f7e84-b098-a4ab-4aba-3d67d130a729" testName="OrchestAI.Tests.NodeTests.HttpRequestNodeAuthTests.Execute_AuthApiKey_Header_ShouldAddKeyAsRequestHeader" computerName="GREGORYPC" duration="00:00:00.0015883" startTime="2026-05-24T09:33:26.5447740-04:00" endTime="2026-05-24T09:33:26.5462955-04:00" testType="13cdc9d9-ddb5-4fa4-a97d-d965ccfc6d4b" outcome="Passed" testListId="8c84fa94-04c1-424b-9868-57a2d4851a1d" relativeResultsDirectory="9b098f69-8708-4791-8187-9dc866dd1dee" />
    <UnitTestResult executionId="00d27aeb-fe57-4f16-ac4f-d9c6f693a225" testId="0393ebec-8470-c732-cc05-f8314d8ea51b" testName="OrchestAI.Tests.NotificationTests.SignalRExecutionNotifierTests.NotifyNodeStarted_SendsToCorrectGroupAndMethod" computerName="GREGORYPC" duration="00:00:00.0034557" startTime="2026-05-24T09:33:26.5952207-04:00" endTime="2026-05-24T09:33:26.5974866-04:00" testType="13cdc9d9-ddb5-4fa4-a97d-d965ccfc6d4b" outcome="Passed" testListId="8c84fa94-04c1-424b-9868-57a2d4851a1d" relativeResultsDirectory="00d27aeb-fe57-4f16-ac4f-d9c6f693a225" />
    <UnitTestResult executionId="ac1ae068-6431-4da1-9829-c5aede2f8744" testId="ea3ae957-4052-71a2-d8c1-377e3ed1f93c" testName="OrchestAI.Tests.NotificationTests.SignalRExecutionNotifierTests.NotifyExecutionCompleted_SendsToCorrectGroupAndMethod" computerName="GREGORYPC" duration="00:00:00.3668490" startTime="2026-05-24T09:33:26.2277421-04:00" endTime="2026-05-24T09:33:26.5810211-04:00" testType="13cdc9d9-ddb5-4fa4-a97d-d965ccfc6d4b" outcome="Passed" testListId="8c84fa94-04c1-424b-9868-57a2d4851a1d" relativeResultsDirectory="ac1ae068-6431-4da1-9829-c5aede2f8744" />
    <UnitTestResult executionId="7cd6589b-7c6e-4238-9583-6c4830109ff6" testId="e1aac4fc-13cb-063c-cb49-4855ab165c43" testName="OrchestAI.Tests.InfrastructureTests.StubNodePresetRepositoryTests.UpdateAsync_ShouldPersistChanges" computerName="GREGORYPC" duration="00:00:00.0062542" startTime="2026-05-24T09:33:26.4470497-04:00" endTime="2026-05-24T09:33:26.4470739-04:00" testType="13cdc9d9-ddb5-4fa4-a97d-d965ccfc6d4b" outcome="Passed" testListId="8c84fa94-04c1-424b-9868-57a2d4851a1d" relativeResultsDirectory="7cd6589b-7c6e-4238-9583-6c4830109ff6" />
    <UnitTestResult executionId="ec313ae8-a231-4a53-bd59-113b1e33375b" testId="802ce29f-e781-2bd3-9e3b-a7e2e51a6e58" testName="OrchestAI.Tests.SDKTests.WorkflowExecutionContextTests.GetInput_ExistingStringKey_ShouldReturnValue" computerName="GREGORYPC" duration="00:00:00.0006893" startTime="2026-05-24T09:33:26.4530218-04:00" endTime="2026-05-24T09:33:26.4530482-04:00" testType="13cdc9d9-ddb5-4fa4-a97d-d965ccfc6d4b" outcome="Passed" testListId="8c84fa94-04c1-424b-9868-57a2d4851a1d" relativeResultsDirectory="ec313ae8-a231-4a53-bd59-113b1e33375b" />
    <UnitTestResult executionId="8adac139-febe-42d7-939e-39dbb9ed73d2" testId="cffd06be-e9af-d802-88da-043804bc7663" testName="OrchestAI.Tests.InfrastructureTests.StubNodePresetRepositoryTests.ListByNodeTypeAsync_WithNodeTypeFilter_ShouldReturnMatchingOnly" computerName="GREGORYPC" duration="00:00:00.0011236" startTime="2026-05-24T09:33:26.4697389-04:00" endTime="2026-05-24T09:33:26.4708354-04:00" testType="13cdc9d9-ddb5-4fa4-a97d-d965ccfc6d4b" outcome="Passed" testListId="8c84fa94-04c1-424b-9868-57a2d4851a1d" relativeResultsDirectory="8adac139-febe-42d7-939e-39dbb9ed73d2" />
    <UnitTestResult executionId="961d3720-fd63-4dc2-98c6-104fb29b76d7" testId="e6cebeee-44d8-a713-0a36-9ebe669853d9" testName="OrchestAI.Tests.DomainTests.NodeExecutionRetryTests.IncrementAttempt_Should_IncreaseAttemptNumber" computerName="GREGORYPC" duration="00:00:00.0003278" startTime="2026-05-24T09:33:26.4456180-04:00" endTime="2026-05-24T09:33:26.4458439-04:00" testType="13cdc9d9-ddb5-4fa4-a97d-d965ccfc6d4b" outcome="Passed" testListId="8c84fa94-04c1-424b-9868-57a2d4851a1d" relativeResultsDirectory="961d3720-fd63-4dc2-98c6-104fb29b76d7" />
    <UnitTestResult executionId="0f2398bf-f0a4-48f0-a4c3-4bc67cd7669e" testId="3633f71e-3280-0078-f1a7-1e2b98b484df" testName="OrchestAI.Tests.AITests.LLMProviderRouterTests.Route_DefaultModel_ShouldReturnDefaultProvider" computerName="GREGORYPC" duration="00:00:00.0001516" startTime="2026-05-24T09:33:26.4758958-04:00" endTime="2026-05-24T09:33:26.4759176-04:00" testType="13cdc9d9-ddb5-4fa4-a97d-d965ccfc6d4b" outcome="Passed" testListId="8c84fa94-04c1-424b-9868-57a2d4851a1d" relativeResultsDirectory="0f2398bf-f0a4-48f0-a4c3-4bc67cd7669e" />
    <UnitTestResult executionId="b4d0d58e-eb64-49ac-8c8d-b50a7de0ecdc" testId="174a001d-26af-c89c-da5e-41db72ffbc5c" testName="OrchestAI.Tests.DomainTests.WorkflowExecutionTests.Create_ShouldInitializeProperly" computerName="GREGORYPC" duration="00:00:00.0035762" startTime="2026-05-24T09:33:26.4588382-04:00" endTime="2026-05-24T09:33:26.4589305-04:00" testType="13cdc9d9-ddb5-4fa4-a97d-d965ccfc6d4b" outcome="Passed" testListId="8c84fa94-04c1-424b-9868-57a2d4851a1d" relativeResultsDirectory="b4d0d58e-eb64-49ac-8c8d-b50a7de0ecdc" />
    <UnitTestResult executionId="385f1b39-8cd1-4d02-b6fc-4b06a3aa4c7e" testId="bc738e6c-7367-6510-41bc-13e952c52c5a" testName="OrchestAI.Tests.EngineTests.NodeRegistryTests.GetAllDescriptors_ShouldReturnAllRegistered" computerName="GREGORYPC" duration="00:00:00.2305085" startTime="2026-05-24T09:33:26.4415799-04:00" endTime="2026-05-24T09:33:26.5689686-04:00" testType="13cdc9d9-ddb5-4fa4-a97d-d965ccfc6d4b" outcome="Passed" testListId="8c84fa94-04c1-424b-9868-57a2d4851a1d" relativeResultsDirectory="385f1b39-8cd1-4d02-b6fc-4b06a3aa4c7e" />
    <UnitTestResult executionId="a073edae-4c16-4c05-b55a-8c14d7e99c87" testId="bf14975d-7f7f-18cf-a19b-059cb00a8fae" testName="OrchestAI.Tests.EngineTests.WorkflowValidatorTests.Validate_UnknownNodeType_ShouldReturnError" computerName="GREGORYPC" duration="00:00:00.2426614" startTime="2026-05-24T09:33:26.4393670-04:00" endTime="2026-05-24T09:33:26.5715827-04:00" testType="13cdc9d9-ddb5-4fa4-a97d-d965ccfc6d4b" outcome="Passed" testListId="8c84fa94-04c1-424b-9868-57a2d4851a1d" relativeResultsDirectory="a073edae-4c16-4c05-b55a-8c14d7e99c87" />
    <UnitTestResult executionId="0faae186-e8c7-4b21-9a74-a747cf7cf451" testId="3a40fde9-c167-39c2-730e-14d8afa80f5a" testName="OrchestAI.Tests.DomainTests.NodeExecutionRetryTests.IncrementAttempt_Should_AlsoIncrementRetryCount" computerName="GREGORYPC" duration="00:00:00.0006780" startTime="2026-05-24T09:33:26.4441649-04:00" endTime="2026-05-24T09:33:26.4453134-04:00" testType="13cdc9d9-ddb5-4fa4-a97d-d965ccfc6d4b" outcome="Passed" testListId="8c84fa94-04c1-424b-9868-57a2d4851a1d" relativeResultsDirectory="0faae186-e8c7-4b21-9a74-a747cf7cf451" />
    <UnitTestResult executionId="074219f3-3f77-4be8-a70d-2da8e8f8048c" testId="3564786b-f74d-138d-5490-9b0771ce7cba" testName="OrchestAI.Tests.InfrastructureTests.InMemoryExecutionQueueTests.Enqueue_MultipleMessages_ShouldDeliverInOrder" computerName="GREGORYPC" duration="00:00:00.2534050" startTime="2026-05-24T09:33:26.2263998-04:00" endTime="2026-05-24T09:33:26.4716341-04:00" testType="13cdc9d9-ddb5-4fa4-a97d-d965ccfc6d4b" outcome="Passed" testListId="8c84fa94-04c1-424b-9868-57a2d4851a1d" relativeResultsDirectory="074219f3-3f77-4be8-a70d-2da8e8f8048c" />
    <UnitTestResult executionId="9f251d23-378e-42bc-a3be-38c78db3dd84" testId="49bd2f32-44e5-87de-1f4a-5a55b98334b1" testName="OrchestAI.Tests.DomainTests.WorkflowTests.Delete_ShouldSetDeletionFields" computerName="GREGORYPC" duration="00:00:00.0009551" startTime="2026-05-24T09:33:26.4187971-04:00" endTime="2026-05-24T09:33:26.4191699-04:00" testType="13cdc9d9-ddb5-4fa4-a97d-d965ccfc6d4b" outcome="Passed" testListId="8c84fa94-04c1-424b-9868-57a2d4851a1d" relativeResultsDirectory="9f251d23-378e-42bc-a3be-38c78db3dd84" />
    <UnitTestResult executionId="56af5c53-d258-4c83-976e-4271aeb0a694" testId="70a20fff-0ffc-600e-02ff-35fe5a2f64c7" testName="OrchestAI.Tests.DomainTests.NodePresetTests.Update_ShouldBumpUpdatedAt" computerName="GREGORYPC" duration="00:00:00.0124736" startTime="2026-05-24T09:33:26.4191482-04:00" endTime="2026-05-24T09:33:26.4350063-04:00" testType="13cdc9d9-ddb5-4fa4-a97d-d965ccfc6d4b" outcome="Passed" testListId="8c84fa94-04c1-424b-9868-57a2d4851a1d" relativeResultsDirectory="56af5c53-d258-4c83-976e-4271aeb0a694" />
    <UnitTestResult executionId="3d3db353-4be7-4094-b3b0-5d2031c21e48" testId="fb1175c4-9588-af51-17f6-514eae9cc8a8" testName="OrchestAI.Tests.NodeTests.SendEmailNodeTests.Type_ShouldBeIntegrationsEmail" computerName="GREGORYPC" duration="00:00:00.0014790" startTime="2026-05-24T09:33:26.4198417-04:00" endTime="2026-05-24T09:33:26.4284655-04:00" testType="13cdc9d9-ddb5-4fa4-a97d-d965ccfc6d4b" outcome="Passed" testListId="8c84fa94-04c1-424b-9868-57a2d4851a1d" relativeResultsDirectory="3d3db353-4be7-4094-b3b0-5d2031c21e48" />
    <UnitTestResult executionId="bcbbf87f-2a52-44d1-9104-78c8e91f3c42" testId="c470686a-4051-aa63-8757-4c6660ea8337" testName="OrchestAI.Tests.SDKTests.WorkflowExecutionContextTests.Build_ShouldPopulateExecutionId" computerName="GREGORYPC" duration="00:00:00.0011643" startTime="2026-05-24T09:33:26.4538675-04:00" endTime="2026-05-24T09:33:26.4545295-04:00" testType="13cdc9d9-ddb5-4fa4-a97d-d965ccfc6d4b" outcome="Passed" testListId="8c84fa94-04c1-424b-9868-57a2d4851a1d" relativeResultsDirectory="bcbbf87f-2a52-44d1-9104-78c8e91f3c42" />
    <UnitTestResult executionId="59fb3e28-7185-473e-b98a-8dd61226001f" testId="d9965a8a-b6e7-f956-9f45-5fd13c040ef6" testName="OrchestAI.Tests.DomainTests.TenantTests.Create_TwoTenants_ShouldHaveDifferentIds" computerName="GREGORYPC" duration="00:00:00.0475691" startTime="2026-05-24T09:33:26.2277990-04:00" endTime="2026-05-24T09:33:26.3298452-04:00" testType="13cdc9d9-ddb5-4fa4-a97d-d965ccfc6d4b" outcome="Passed" testListId="8c84fa94-04c1-424b-9868-57a2d4851a1d" relativeResultsDirectory="59fb3e28-7185-473e-b98a-8dd61226001f" />
    <UnitTestResult executionId="fd8e3a51-f4cb-4176-aa59-4c3043c480aa" testId="b17df130-8f44-ef77-58f2-a8e1d2e5a7b4" testName="OrchestAI.Tests.DomainTests.WorkflowTriggerTests.SetTrigger_ToWebhook_WithEmptySecret_ThrowsArgumentException" computerName="GREGORYPC" duration="00:00:00.0025244" startTime="2026-05-24T09:33:26.4524075-04:00" endTime="2026-05-24T09:33:26.4532517-04:00" testType="13cdc9d9-ddb5-4fa4-a97d-d965ccfc6d4b" outcome="Passed" testListId="8c84fa94-04c1-424b-9868-57a2d4851a1d" relativeResultsDirectory="fd8e3a51-f4cb-4176-aa59-4c3043c480aa" />
    <UnitTestResult executionId="22133b3e-576c-467d-8cb4-8beeb0cfdec8" testId="ac8c09f3-8380-538d-3080-9b5c1b3b6f35" testName="OrchestAI.Tests.DomainTests.ApprovalRequestTests.Expire_ShouldSetStatusToExpired" computerName="GREGORYPC" duration="00:00:00.0009279" startTime="2026-05-24T09:33:26.4648851-04:00" endTime="2026-05-24T09:33:26.4649052-04:00" testType="13cdc9d9-ddb5-4fa4-a97d-d965ccfc6d4b" outcome="Passed" testListId="8c84fa94-04c1-424b-9868-57a2d4851a1d" relativeResultsDirectory="22133b3e-576c-467d-8cb4-8beeb0cfdec8" />
    <UnitTestResult executionId="c2fde010-1e37-4294-b4b1-5209cb1a8860" testId="e5a1740b-72ad-cb09-32c0-4028eb0fa7df" testName="OrchestAI.Tests.ControllerTests.RbacAuthorizationTests.EditorOrAbovePolicy_AllowsEditorAndAdmin" computerName="GREGORYPC" duration="00:00:00.0090597" startTime="2026-05-24T09:33:26.4469616-04:00" endTime="2026-05-24T09:33:26.4472642-04:00" testType="13cdc9d9-ddb5-4fa4-a97d-d965ccfc6d4b" outcome="Passed" testListId="8c84fa94-04c1-424b-9868-57a2d4851a1d" relativeResultsDirectory="c2fde010-1e37-4294-b4b1-5209cb1a8860" />
    <UnitTestResult executionId="dfa5b459-d28e-433d-b45e-cbedb1c46767" testId="89e59bd7-accf-e7cd-6360-947edcbc3e8f" testName="OrchestAI.Tests.NodeTests.SlackNotifyNodeTests.Type_ShouldBeIntegrationsSlack" computerName="GREGORYPC" duration="00:00:00.0003667" startTime="2026-05-24T09:33:26.5558582-04:00" endTime="2026-05-24T09:33:26.5562350-04:00" testType="13cdc9d9-ddb5-4fa4-a97d-d965ccfc6d4b" outcome="Passed" testListId="8c84fa94-04c1-424b-9868-57a2d4851a1d" relativeResultsDirectory="dfa5b459-d28e-433d-b45e-cbedb1c46767" />
    <UnitTestResult executionId="b1603125-42a1-4543-9afd-5e38f2be6d44" testId="32068956-212f-92ee-98c2-0c7271fbe52d" testName="OrchestAI.Tests.EngineTests.WorkflowEngineNotificationTests.RunAsync_OnSuccessfulExecution_NotifiesNodeStartedAndCompleted" computerName="GREGORYPC" duration="00:00:00.1873913" startTime="2026-05-24T09:33:26.4624025-04:00" endTime="2026-05-24T09:33:26.6057663-04:00" testType="13cdc9d9-ddb5-4fa4-a97d-d965ccfc6d4b" outcome="Passed" testListId="8c84fa94-04c1-424b-9868-57a2d4851a1d" relativeResultsDirectory="b1603125-42a1-4543-9afd-5e38f2be6d44" />
    <UnitTestResult executionId="d95a9986-99cb-4f29-9f1a-8f418b36916a" testId="abf87103-c799-fc32-b1e0-404572bbf2b9" testName="OrchestAI.Tests.NodeTests.HumanApprovalNodeTests.Execute_ShouldReturnWaitingForApproval" computerName="GREGORYPC" duration="00:00:00.0120560" startTime="2026-05-24T09:33:26.4413311-04:00" endTime="2026-05-24T09:33:26.4442117-04:00" testType="13cdc9d9-ddb5-4fa4-a97d-d965ccfc6d4b" outcome="Passed" testListId="8c84fa94-04c1-424b-9868-57a2d4851a1d" relativeResultsDirectory="d95a9986-99cb-4f29-9f1a-8f418b36916a" />
    <UnitTestResult executionId="f91bf58c-a20c-4246-9d73-ac62e06f5d79" testId="2a3a1f50-24ea-ac85-9184-65b2cb0ee310" testName="OrchestAI.Tests.NodeTests.HttpRequestNodeTests.Type_ShouldBeIntegrationsHttp" computerName="GREGORYPC" duration="00:00:00.0010297" startTime="2026-05-24T09:33:26.4498639-04:00" endTime="2026-05-24T09:33:26.4499056-04:00" testType="13cdc9d9-ddb5-4fa4-a97d-d965ccfc6d4b" outcome="Passed" testListId="8c84fa94-04c1-424b-9868-57a2d4851a1d" relativeResultsDirectory="f91bf58c-a20c-4246-9d73-ac62e06f5d79" />
    <UnitTestResult executionId="fc67e9a2-5698-4adc-ad69-3f6d7aa8bb12" testId="7a9c8a7c-da40-0c04-1ba4-e77aae0bd8f9" testName="OrchestAI.Tests.ControllerTests.WebhooksControllerTests.TriggerWebhook_WorkflowNotFound_Returns404" computerName="GREGORYPC" duration="00:00:00.0012183" startTime="2026-05-24T09:33:26.5969130-04:00" endTime="2026-05-24T09:33:26.5980937-04:00" testType="13cdc9d9-ddb5-4fa4-a97d-d965ccfc6d4b" outcome="Passed" testListId="8c84fa94-04c1-424b-9868-57a2d4851a1d" relativeResultsDirectory="fc67e9a2-5698-4adc-ad69-3f6d7aa8bb12" />
    <UnitTestResult executionId="9c132a76-c3e5-4bde-8ded-6f4947e4d9e4" testId="6b43b679-1feb-549c-4a46-48ee62e6b7b1" testName="OrchestAI.Tests.NodeTests.HttpRequestNodeTests.Execute_FailureResponse_ShouldReturnSuccessFalse" computerName="GREGORYPC" duration="00:00:00.0032708" startTime="2026-05-24T09:33:26.5522914-04:00" endTime="2026-05-24T09:33:26.5549932-04:00" testType="13cdc9d9-ddb5-4fa4-a97d-d965ccfc6d4b" outcome="Passed" testListId="8c84fa94-04c1-424b-9868-57a2d4851a1d" relativeResultsDirectory="9c132a76-c3e5-4bde-8ded-6f4947e4d9e4" />
    <UnitTestResult executionId="c3392005-8259-4400-b134-9dd444cdf18e" testId="da830244-383f-0126-9be7-c9fa4835d71a" testName="OrchestAI.Tests.DomainTests.WorkflowTriggerTests.SetTrigger_ToManual_ClearsBothFields" computerName="GREGORYPC" duration="00:00:00.0005308" startTime="2026-05-24T09:33:26.4537919-04:00" endTime="2026-05-24T09:33:26.4538870-04:00" testType="13cdc9d9-ddb5-4fa4-a97d-d965ccfc6d4b" outcome="Passed" testListId="8c84fa94-04c1-424b-9868-57a2d4851a1d" relativeResultsDirectory="c3392005-8259-4400-b134-9dd444cdf18e" />
    <UnitTestResult executionId="623bea2d-2c89-4c46-9f97-14f3dfa57aef" testId="a0019289-ed98-8036-f854-1954206827c9" testName="OrchestAI.Tests.EngineTests.CronSchedulerServiceTests.EvaluateCronWorkflows_WhenExpressionIsDue_EnqueuesExecution" computerName="GREGORYPC" duration="00:00:00.0051685" startTime="2026-05-24T09:33:26.6072643-04:00" endTime="2026-05-24T09:33:26.6115851-04:00" testType="13cdc9d9-ddb5-4fa4-a97d-d965ccfc6d4b" outcome="Passed" testListId="8c84fa94-04c1-424b-9868-57a2d4851a1d" relativeResultsDirectory="623bea2d-2c89-4c46-9f97-14f3dfa57aef" />
    <UnitTestResult executionId="81ab6c02-4121-40fc-987c-e3e57da10cbd" testId="be3ad45e-3e50-afa6-083f-653c5a635e13" testName="OrchestAI.Tests.DomainTests.NodeExecutionTests.WaitForApproval_ShouldSetCorrectStatus" computerName="GREGORYPC" duration="00:00:00.0043588" startTime="2026-05-24T09:33:26.4379414-04:00" endTime="2026-05-24T09:33:26.4383408-04:00" testType="13cdc9d9-ddb5-4fa4-a97d-d965ccfc6d4b" outcome="Passed" testListId="8c84fa94-04c1-424b-9868-57a2d4851a1d" relativeResultsDirectory="81ab6c02-4121-40fc-987c-e3e57da10cbd" />
    <UnitTestResult executionId="c043ccfd-921f-45d2-abe8-b508510777ca" testId="2790baa5-78c4-9dd6-ebb7-e47d6b11f90e" testName="OrchestAI.Tests.ControllerTests.NodePresetsControllerTests.GetPreset_UnknownId_ReturnsNotFound" computerName="GREGORYPC" duration="00:00:00.0044490" startTime="2026-05-24T09:33:26.5442660-04:00" endTime="2026-05-24T09:33:26.5486406-04:00" testType="13cdc9d9-ddb5-4fa4-a97d-d965ccfc6d4b" outcome="Passed" testListId="8c84fa94-04c1-424b-9868-57a2d4851a1d" relativeResultsDirectory="c043ccfd-921f-45d2-abe8-b508510777ca" />
    <UnitTestResult executionId="b15f65df-0611-4f17-801e-3ffbfefa1e9f" testId="63febd7b-d299-06ce-5d8e-fad76eb7b381" testName="OrchestAI.Tests.EngineTests.WorkflowEngineNotificationTests.RunAsync_WhenNodeFails_DoesNotNotifyNodeCompleted" computerName="GREGORYPC" duration="00:00:00.0046340" startTime="2026-05-24T09:33:26.6237465-04:00" endTime="2026-05-24T09:33:26.6278602-04:00" testType="13cdc9d9-ddb5-4fa4-a97d-d965ccfc6d4b" outcome="Passed" testListId="8c84fa94-04c1-424b-9868-57a2d4851a1d" relativeResultsDirectory="b15f65df-0611-4f17-801e-3ffbfefa1e9f" />
    <UnitTestResult executionId="c6461f95-6c99-4b66-b7f2-28d5e4563d58" testId="d7951791-0566-a91c-5171-764558f3970d" testName="OrchestAI.Tests.NodeTests.SetVariableNodeTests.Execute_WithPlaceholders_ShouldResolveFromInputs" computerName="GREGORYPC" duration="00:00:00.0097182" startTime="2026-05-24T09:33:26.4584337-04:00" endTime="2026-05-24T09:33:26.4605172-04:00" testType="13cdc9d9-ddb5-4fa4-a97d-d965ccfc6d4b" outcome="Passed" testListId="8c84fa94-04c1-424b-9868-57a2d4851a1d" relativeResultsDirectory="c6461f95-6c99-4b66-b7f2-28d5e4563d58" />
    <UnitTestResult executionId="7e517b5d-13e6-427c-8ff8-bafcb250ee7d" testId="486238eb-e885-dc83-b2cf-cef6ce0c5b0d" testName="OrchestAI.Tests.DomainTests.NodePresetTests.Create_ShouldSetCreatedAtAndUpdatedAtToNow" computerName="GREGORYPC" duration="00:00:00.0050433" startTime="2026-05-24T09:33:26.4381333-04:00" endTime="2026-05-24T09:33:26.4391364-04:00" testType="13cdc9d9-ddb5-4fa4-a97d-d965ccfc6d4b" outcome="Passed" testListId="8c84fa94-04c1-424b-9868-57a2d4851a1d" relativeResultsDirectory="7e517b5d-13e6-427c-8ff8-bafcb250ee7d" />
    <UnitTestResult executionId="42cad95b-4cf3-4f1e-9d53-45e0a0e24fa1" testId="7727012a-b70d-f83c-b733-fa195baf3b0f" testName="OrchestAI.Tests.NodeTests.TextClassifierNodeTests.Execute_ExactCategoryMatch_ShouldReturnHighConfidence" computerName="GREGORYPC" duration="00:00:00.0146719" startTime="2026-05-24T09:33:26.4340191-04:00" endTime="2026-05-24T09:33:26.4390454-04:00" testType="13cdc9d9-ddb5-4fa4-a97d-d965ccfc6d4b" outcome="Passed" testListId="8c84fa94-04c1-424b-9868-57a2d4851a1d" relativeResultsDirectory="42cad95b-4cf3-4f1e-9d53-45e0a0e24fa1" />
    <UnitTestResult executionId="9039d76b-2c5a-4f4b-b8e3-a07ccc8c22ce" testId="5aafd125-2f0f-eff7-d236-c093160c9e03" testName="OrchestAI.Tests.DomainTests.UserTests.Create_TwoUsers_ShouldHaveDifferentIds" computerName="GREGORYPC" duration="00:00:00.0003253" startTime="2026-05-24T09:33:26.4067726-04:00" endTime="2026-05-24T09:33:26.4155171-04:00" testType="13cdc9d9-ddb5-4fa4-a97d-d965ccfc6d4b" outcome="Passed" testListId="8c84fa94-04c1-424b-9868-57a2d4851a1d" relativeResultsDirectory="9039d76b-2c5a-4f4b-b8e3-a07ccc8c22ce" />
    <UnitTestResult executionId="675d1037-bef4-448e-afc3-6406e7bb4938" testId="eff6c5c8-218b-bf59-2b37-d12410c187bd" testName="OrchestAI.Tests.DomainTests.NodeExecutionTests.Fail_ShouldSetStatusToFailedAndIncrementRetry" computerName="GREGORYPC" duration="00:00:00.0142850" startTime="2026-05-24T09:33:26.4067952-04:00" endTime="2026-05-24T09:33:26.4287813-04:00" testType="13cdc9d9-ddb5-4fa4-a97d-d965ccfc6d4b" outcome="Passed" testListId="8c84fa94-04c1-424b-9868-57a2d4851a1d" relativeResultsDirectory="675d1037-bef4-448e-afc3-6406e7bb4938" />
    <UnitTestResult executionId="d07ca413-ffef-436b-99b0-3474fd8ec80f" testId="cbbe129a-39e3-a143-0090-5e0abf8662e3" testName="OrchestAI.Tests.DomainTests.NodePresetTests.Update_ShouldChangeConfigJson" computerName="GREGORYPC" duration="00:00:00.0017782" startTime="2026-05-24T09:33:26.4182635-04:00" endTime="2026-05-24T09:33:26.4190994-04:00" testType="13cdc9d9-ddb5-4fa4-a97d-d965ccfc6d4b" outcome="Passed" testListId="8c84fa94-04c1-424b-9868-57a2d4851a1d" relativeResultsDirectory="d07ca413-ffef-436b-99b0-3474fd8ec80f" />
    <UnitTestResult executionId="f63ac122-5286-4a87-92fa-af39c14eb62d" testId="8edf2dbc-ddaf-2539-8631-a1eef3aba1ef" testName="OrchestAI.Tests.InfrastructureTests.LocalFileDocumentStorageTests.DownloadAsync_ExistingFile_ShouldReturnCorrectContent" computerName="GREGORYPC" duration="00:00:00.0378726" startTime="2026-05-24T09:33:26.4650822-04:00" endTime="2026-05-24T09:33:26.4748717-04:00" testType="13cdc9d9-ddb5-4fa4-a97d-d965ccfc6d4b" outcome="Passed" testListId="8c84fa94-04c1-424b-9868-57a2d4851a1d" relativeResultsDirectory="f63ac122-5286-4a87-92fa-af39c14eb62d" />
    <UnitTestResult executionId="e8e6b746-0bd7-4316-a3df-5845c63cee8e" testId="0c36cd1e-6cd3-7726-4dbf-7ba11e2fa121" testName="OrchestAI.Tests.ControllerTests.RbacAuthorizationTests.AdminOnlyPolicy_Exists" computerName="GREGORYPC" duration="00:00:00.0013422" startTime="2026-05-24T09:33:26.4522099-04:00" endTime="2026-05-24T09:33:26.4524274-04:00" testType="13cdc9d9-ddb5-4fa4-a97d-d965ccfc6d4b" outcome="Passed" testListId="8c84fa94-04c1-424b-9868-57a2d4851a1d" relativeResultsDirectory="e8e6b746-0bd7-4316-a3df-5845c63cee8e" />
    <UnitTestResult executionId="3a4e3b5f-c3a7-4c79-9557-92afabcba12d" testId="161fb97a-5e62-546e-4794-0ce0ca2fb926" testName="OrchestAI.Tests.DomainTests.UserRoleTests.UserRole_AllExpectedValues_Exist(role: Approver)" computerName="GREGORYPC" duration="00:00:00.0013792" startTime="2026-05-24T09:33:26.4352213-04:00" endTime="2026-05-24T09:33:26.4354787-04:00" testType="13cdc9d9-ddb5-4fa4-a97d-d965ccfc6d4b" outcome="Passed" testListId="8c84fa94-04c1-424b-9868-57a2d4851a1d" relativeResultsDirectory="3a4e3b5f-c3a7-4c79-9557-92afabcba12d" />
[...]
    <TestEntry testId="5aafd125-2f0f-eff7-d236-c093160c9e03" executionId="9039d76b-2c5a-4f4b-b8e3-a07ccc8c22ce" testListId="8c84fa94-04c1-424b-9868-57a2d4851a1d" />
    <TestEntry testId="eff6c5c8-218b-bf59-2b37-d12410c187bd" executionId="675d1037-bef4-448e-afc3-6406e7bb4938" testListId="8c84fa94-04c1-424b-9868-57a2d4851a1d" />
    <TestEntry testId="cbbe129a-39e3-a143-0090-5e0abf8662e3" executionId="d07ca413-ffef-436b-99b0-3474fd8ec80f" testListId="8c84fa94-04c1-424b-9868-57a2d4851a1d" />
    <TestEntry testId="8edf2dbc-ddaf-2539-8631-a1eef3aba1ef" executionId="f63ac122-5286-4a87-92fa-af39c14eb62d" testListId="8c84fa94-04c1-424b-9868-57a2d4851a1d" />
    <TestEntry testId="0c36cd1e-6cd3-7726-4dbf-7ba11e2fa121" executionId="e8e6b746-0bd7-4316-a3df-5845c63cee8e" testListId="8c84fa94-04c1-424b-9868-57a2d4851a1d" />
    <TestEntry testId="161fb97a-5e62-546e-4794-0ce0ca2fb926" executionId="3a4e3b5f-c3a7-4c79-9557-92afabcba12d" testListId="8c84fa94-04c1-424b-9868-57a2d4851a1d" />
    <TestEntry testId="b094b820-b1b9-d4da-87ef-314dc0e1f845" executionId="50a6627c-3f1a-4977-bd6f-3c203353b4d6" testListId="8c84fa94-04c1-424b-9868-57a2d4851a1d" />
    <TestEntry testId="23e7fbbc-301e-7e44-723e-51293168d338" executionId="324942bc-8efa-4457-94a8-21f00abfa019" testListId="8c84fa94-04c1-424b-9868-57a2d4851a1d" />
    <TestEntry testId="55a9be49-74f7-e6ef-8985-ea73bea71f38" executionId="79a68d6b-5343-43fe-97de-97830286bb45" testListId="8c84fa94-04c1-424b-9868-57a2d4851a1d" />
    <TestEntry testId="758408f9-260f-9cdb-1196-68e09885cf8f" executionId="09842742-35fb-44e3-96f1-71849594fc60" testListId="8c84fa94-04c1-424b-9868-57a2d4851a1d" />
    <TestEntry testId="e593127b-bd86-3c34-4e61-28a9005ade4d" executionId="cfdf954d-249e-4585-8ce5-776f7af76fca" testListId="8c84fa94-04c1-424b-9868-57a2d4851a1d" />
    <TestEntry testId="d709a403-e549-0284-8037-88886d71d522" executionId="14488236-72d5-4692-9543-bb43816079ba" testListId="8c84fa94-04c1-424b-9868-57a2d4851a1d" />
    <TestEntry testId="e980fbcb-3777-7968-c58e-f8d48a1de158" executionId="f47e170a-0b68-452a-a3da-c41de9579ba9" testListId="8c84fa94-04c1-424b-9868-57a2d4851a1d" />
    <TestEntry testId="7a938c1d-98c6-f6ab-2563-39190a10081c" executionId="684d520b-0f77-417d-997a-7e25682fec16" testListId="8c84fa94-04c1-424b-9868-57a2d4851a1d" />
    <TestEntry testId="cc36bb67-ac2f-8f37-28a9-907a4e0dc51e" executionId="fcf25bc1-80f6-4726-8241-5c333273d5f4" testListId="8c84fa94-04c1-424b-9868-57a2d4851a1d" />
    <TestEntry testId="9067e632-29cc-7327-6879-1676e3e24167" executionId="f207bf8e-9d39-489c-a427-ea435e1617cb" testListId="8c84fa94-04c1-424b-9868-57a2d4851a1d" />
    <TestEntry testId="9468bd8c-12a9-8d7b-def9-2eb4cd3d9fd5" executionId="123dbdb2-c3f6-4c60-abe9-4922c237cc53" testListId="8c84fa94-04c1-424b-9868-57a2d4851a1d" />
    <TestEntry testId="bd7de357-89b9-0f91-a181-d57ef18d9ca9" executionId="d8879794-b573-4103-aaff-07458056c8b2" testListId="8c84fa94-04c1-424b-9868-57a2d4851a1d" />
    <TestEntry testId="f12b4a49-8272-5a50-e659-6eea1440bd84" executionId="195996c6-33a6-4118-9521-f1c724f6ff5f" testListId="8c84fa94-04c1-424b-9868-57a2d4851a1d" />
    <TestEntry testId="d2acf45a-3943-efe1-43bb-c606ec8b6207" executionId="650f6096-d8e4-48e6-833d-d946b9baadb8" testListId="8c84fa94-04c1-424b-9868-57a2d4851a1d" />
    <TestEntry testId="cf196462-f1a1-7b0b-acd7-4b3198c088ba" executionId="375be937-745d-4c96-a44a-f84d1c800479" testListId="8c84fa94-04c1-424b-9868-57a2d4851a1d" />
    <TestEntry testId="044b6551-2e46-0f15-0be6-5f14a0e53bfd" executionId="33b7a2e0-0515-4752-a14b-59f8b51fa235" testListId="8c84fa94-04c1-424b-9868-57a2d4851a1d" />
    <TestEntry testId="2bd120ff-c27f-04e3-b99e-583794bde685" executionId="e647d911-95f6-4c3b-b9a6-2f7d6d0b7c6c" testListId="8c84fa94-04c1-424b-9868-57a2d4851a1d" />
    <TestEntry testId="fad1adac-50b5-14d0-6f89-66dae20fa399" executionId="a1bf7f33-3ee2-49da-afcc-f901e687e12f" testListId="8c84fa94-04c1-424b-9868-57a2d4851a1d" />
    <TestEntry testId="4f035a96-7661-0ef9-6491-48fdd8d852a2" executionId="c8d27ca0-9e0e-4d44-9002-648a49c92ba9" testListId="8c84fa94-04c1-424b-9868-57a2d4851a1d" />
    <TestEntry testId="1b0b1a29-b913-7c1c-37c6-7cd6f879d3fc" executionId="ce5f3b87-e1ce-430a-adf4-02bf03c47e59" testListId="8c84fa94-04c1-424b-9868-57a2d4851a1d" />
    <TestEntry testId="de5f5401-3a01-c1ed-5323-06819937e7f2" executionId="a81734ab-6062-4dca-89c1-1c1332e46eae" testListId="8c84fa94-04c1-424b-9868-57a2d4851a1d" />
    <TestEntry testId="824a4b63-dd69-828c-28aa-3593c35898c4" executionId="ec696353-cb5a-45c3-911d-f8cc87234e14" testListId="8c84fa94-04c1-424b-9868-57a2d4851a1d" />
    <TestEntry testId="a425aa13-6951-6830-df44-14210366ecb5" executionId="3f2c9be3-2dc0-4967-8659-8d84e0f847f0" testListId="8c84fa94-04c1-424b-9868-57a2d4851a1d" />
    <TestEntry testId="0a50808e-2fbf-b9ef-6ad2-e1d62128e7e6" executionId="29ec6881-6553-4265-bccc-56325957b487" testListId="8c84fa94-04c1-424b-9868-57a2d4851a1d" />
    <TestEntry testId="d45a6879-c9ee-b775-7a9a-3dbcf78af671" executionId="c03b565d-3bbe-4c80-a9b3-e03cfa7945ab" testListId="8c84fa94-04c1-424b-9868-57a2d4851a1d" />
    <TestEntry testId="17153c65-e92e-2133-264c-a29af9bd720b" executionId="3b00d8ea-a875-4b4e-ade6-061ca5c656f0" testListId="8c84fa94-04c1-424b-9868-57a2d4851a1d" />
    <TestEntry testId="1ff471d9-55aa-224c-ae7a-ffa29735f8a4" executionId="e928b524-43ba-4ed1-b2b9-d4e70ae52ab7" testListId="8c84fa94-04c1-424b-9868-57a2d4851a1d" />
    <TestEntry testId="4c48ca3b-0f87-83d6-201b-0f665f7c92b7" executionId="daa66aa0-198f-43a9-86b5-ce88a7ad09e0" testListId="8c84fa94-04c1-424b-9868-57a2d4851a1d" />
    <TestEntry testId="fd7e11d4-7892-4443-dbaf-66f791f24fc3" executionId="087a0dd4-6877-4eb0-ac02-9573c416d298" testListId="8c84fa94-04c1-424b-9868-57a2d4851a1d" />
    <TestEntry testId="035a7e69-ded8-6a52-6407-9c0d73689a0e" executionId="8a0de56a-513e-4814-af4e-95f0c342f6ff" testListId="8c84fa94-04c1-424b-9868-57a2d4851a1d" />
    <TestEntry testId="104e563c-df70-b901-f9c4-708d62296331" executionId="8d6730d4-64d1-4abf-a6b0-e5dff5e5598f" testListId="8c84fa94-04c1-424b-9868-57a2d4851a1d" />
    <TestEntry testId="4a6eb785-9ccc-a49e-100a-cedf4e66a2b9" executionId="3e32d3cf-f69c-4e31-bc35-55b6889482c1" testListId="8c84fa94-04c1-424b-9868-57a2d4851a1d" />
    <TestEntry testId="ac07fae8-3bc6-3e70-7bb4-78aa83bd80e6" executionId="1407746a-65c6-41d4-9f3f-a3dad0e75729" testListId="8c84fa94-04c1-424b-9868-57a2d4851a1d" />
    <TestEntry testId="9f909dde-87ac-53d0-6f55-7690faab03c8" executionId="a73b29c7-3e85-4069-b57f-98e0adae8159" testListId="8c84fa94-04c1-424b-9868-57a2d4851a1d" />
    <TestEntry testId="b3e1fe61-f8e5-8624-693f-7d12f31f98f3" executionId="0bbaeb05-1b63-456b-be60-7ed832588cd9" testListId="8c84fa94-04c1-424b-9868-57a2d4851a1d" />
    <TestEntry testId="5ba4bda3-426c-5b6b-682e-398cfca34d12" executionId="ed9359f6-3268-4309-ad5f-6a74948515be" testListId="8c84fa94-04c1-424b-9868-57a2d4851a1d" />
    <TestEntry testId="ae436777-ccec-5123-0757-a593af120dc1" executionId="e03f1aaa-eea8-4f46-b81b-8ca3a1ae5a8a" testListId="8c84fa94-04c1-424b-9868-57a2d4851a1d" />
    <TestEntry testId="1a191bed-09cc-a021-9fd2-ef3867862b1b" executionId="799a8aaf-8f56-42ad-a83f-919d6cc09f1c" testListId="8c84fa94-04c1-424b-9868-57a2d4851a1d" />
    <TestEntry testId="406417a3-1702-be39-45ab-e4010b18c266" executionId="544e09da-91db-4371-9d85-03b14567b879" testListId="8c84fa94-04c1-424b-9868-57a2d4851a1d" />
    <TestEntry testId="f5159e45-b1f7-cf78-b328-ac1e42d6fc87" executionId="121cf3ee-edd3-4f47-9573-3557fdedf41e" testListId="8c84fa94-04c1-424b-9868-57a2d4851a1d" />
    <TestEntry testId="1ed09c0b-f3ff-44ed-9b2b-63c524965b44" executionId="86bd7efe-1639-4d98-9e1d-118a4b2dcc82" testListId="8c84fa94-04c1-424b-9868-57a2d4851a1d" />
    <TestEntry testId="a5f68e6d-5710-8607-3d19-0016a7516fca" executionId="3b80c355-a2d1-4692-a2f8-4f6abac263d6" testListId="8c84fa94-04c1-424b-9868-57a2d4851a1d" />
    <TestEntry testId="a43327ba-bd2e-257d-cf7a-fa0910cc4c7a" executionId="1faf29ee-7536-4199-a3d8-c134d61bb9c7" testListId="8c84fa94-04c1-424b-9868-57a2d4851a1d" />
    <TestEntry testId="b2644a96-a1c0-cd4c-7d0f-a082f0637374" executionId="5b3d1d10-72f2-4b7e-a66e-0ae35b892384" testListId="8c84fa94-04c1-424b-9868-57a2d4851a1d" />
    <TestEntry testId="4bd2675f-b7eb-c805-ff7e-978718f884d5" executionId="d0fda44b-19c6-4545-a0f9-06a6f30abfbc" testListId="8c84fa94-04c1-424b-9868-57a2d4851a1d" />
    <TestEntry testId="435de8d4-f8c9-c371-bcf2-3dab89fb8dd6" executionId="e3c98b5f-406b-4465-8afd-de166d1a492a" testListId="8c84fa94-04c1-424b-9868-57a2d4851a1d" />
    <TestEntry testId="673c524a-485d-fe67-813a-4311be6b0993" executionId="d32132dc-aad1-45f5-a574-62d544e1ccca" testListId="8c84fa94-04c1-424b-9868-57a2d4851a1d" />
    <TestEntry testId="12679058-8165-4cc8-b8ec-417d5f82b969" executionId="7887777c-9a3e-47e2-80c7-f26b3d5dee00" testListId="8c84fa94-04c1-424b-9868-57a2d4851a1d" />
    <TestEntry testId="7bbfee76-4cc9-06b1-9a5f-45159702c37a" executionId="1877bae6-756e-48ff-ae6c-bfc95838e36a" testListId="8c84fa94-04c1-424b-9868-57a2d4851a1d" />
    <TestEntry testId="6011a545-b96f-798d-ae5f-d1c8d61dc656" executionId="f9d30f1f-f264-4b70-a7d5-a8743e10dc4f" testListId="8c84fa94-04c1-424b-9868-57a2d4851a1d" />
    <TestEntry testId="d00b0561-31b1-2839-5090-fb2b1a0eb5e9" executionId="45bef189-4bbf-4af5-a444-cb6b9b9b93d5" testListId="8c84fa94-04c1-424b-9868-57a2d4851a1d" />
    <TestEntry testId="674827ca-0fa4-671f-5d6d-60aa79aa68bd" executionId="1fd9b0b1-a3f8-4345-b54a-fac85ac103c5" testListId="8c84fa94-04c1-424b-9868-57a2d4851a1d" />
    <TestEntry testId="97dc1226-9612-d567-a0e4-87eb71b6b868" executionId="e9c1bea8-6561-414a-9a69-336df17bdef8" testListId="8c84fa94-04c1-424b-9868-57a2d4851a1d" />
    <TestEntry testId="e85be619-d6d5-2acc-0819-e7301d76a791" executionId="41cf2956-75fe-42de-9035-31bd58034e22" testListId="8c84fa94-04c1-424b-9868-57a2d4851a1d" />
    <TestEntry testId="f6937fe7-2179-2d28-441c-4c3df5da9d76" executionId="dfb766f1-6d02-496b-950b-34592caf91ed" testListId="8c84fa94-04c1-424b-9868-57a2d4851a1d" />
    <TestEntry testId="5f54efc7-f899-b515-06fc-cfad56add866" executionId="dfc77fc6-908d-45f0-a2e2-ca56e5ea2230" testListId="8c84fa94-04c1-424b-9868-57a2d4851a1d" />
    <TestEntry testId="6861a151-25ec-e302-5718-ec905f748429" executionId="2bcc1652-8554-4275-9417-0d1fcc1e68a6" testListId="8c84fa94-04c1-424b-9868-57a2d4851a1d" />
    <TestEntry testId="1aa5beb1-f66d-6d72-414f-50c29fe69ce1" executionId="222f7b74-d5b8-4131-bbf9-c37637d5ffef" testListId="8c84fa94-04c1-424b-9868-57a2d4851a1d" />
    <TestEntry testId="7ab4891e-d10c-aef9-d0ff-b9e004cdbc17" executionId="2dbc838f-1636-4cd0-b00d-110e5b588439" testListId="8c84fa94-04c1-424b-9868-57a2d4851a1d" />
    <TestEntry testId="298f6fa3-694b-e943-fc53-5d3e2afcad6e" executionId="4856fbad-7696-46f7-830c-b20de60342b8" testListId="8c84fa94-04c1-424b-9868-57a2d4851a1d" />
    <TestEntry testId="e0432240-f2e1-5a55-328d-6edab038a8e0" executionId="3d3d1e40-986c-47a8-816e-ce27b945f51a" testListId="8c84fa94-04c1-424b-9868-57a2d4851a1d" />
    <TestEntry testId="5eea60d7-59bb-16fe-c6b6-34ae22b32677" executionId="1b93a7e9-9d11-4c74-a393-4371b5e530c4" testListId="8c84fa94-04c1-424b-9868-57a2d4851a1d" />
    <TestEntry testId="b0f4ae66-f1d7-eca2-2830-de8e7d6c2b14" executionId="267fd41e-86c8-442d-a779-19846dcbedee" testListId="8c84fa94-04c1-424b-9868-57a2d4851a1d" />
    <TestEntry testId="57892936-a8fa-93a0-8d8a-b74390f19163" executionId="48af2221-fc5b-433d-9883-a9f82879e836" testListId="8c84fa94-04c1-424b-9868-57a2d4851a1d" />
    <TestEntry testId="f9c93433-38a3-af4d-d21b-3a56e7006e66" executionId="f481acd1-74cd-4110-82c0-cbd374fab192" testListId="8c84fa94-04c1-424b-9868-57a2d4851a1d" />
    <TestEntry testId="4875ad78-8071-c209-6505-5e1f598b3944" executionId="64ba7d02-1b24-4c31-a9ce-a9eee89de18d" testListId="8c84fa94-04c1-424b-9868-57a2d4851a1d" />
    <TestEntry testId="f3ee5347-bfe6-1498-a4fb-bb98acc66ecc" executionId="65391547-5d7d-4c6f-8a17-b41432019f8b" testListId="8c84fa94-04c1-424b-9868-57a2d4851a1d" />
    <TestEntry testId="5725fb5e-b71c-e1e8-b04f-7dddc314fdb1" executionId="1df7ce9e-943d-4aae-8fdb-ae2f1d22b68f" testListId="8c84fa94-04c1-424b-9868-57a2d4851a1d" />
    <TestEntry testId="cd82407e-2923-7f25-7f4f-a76688178d01" executionId="46edcfe2-7f48-4f34-bdda-bbe0b6b4a381" testListId="8c84fa94-04c1-424b-9868-57a2d4851a1d" />
    <TestEntry testId="1613eaba-cb1f-2b2c-0757-f09a33e9e954" executionId="3b916163-fd9e-4e45-a59a-9b018a76eb7b" testListId="8c84fa94-04c1-424b-9868-57a2d4851a1d" />
    <TestEntry testId="dcee78cd-2329-c8e2-0747-4e79cd1c0561" executionId="c02352c0-d078-4fba-86aa-eaa47356f923" testListId="8c84fa94-04c1-424b-9868-57a2d4851a1d" />
    <TestEntry testId="7a3fcbba-346a-52fd-abf0-6d9d7e3609a7" executionId="ca41d5ff-e397-4715-b21f-545cb956b990" testListId="8c84fa94-04c1-424b-9868-57a2d4851a1d" />
    <TestEntry testId="9d35618a-c3a2-f4bf-72a7-7875c3475105" executionId="a7b65345-1a84-4bd5-bd2f-22b46a219571" testListId="8c84fa94-04c1-424b-9868-57a2d4851a1d" />
    <TestEntry testId="b0f3a83a-2a79-6dc6-dbbb-dc062738b59e" executionId="a245d6f7-f822-48f3-95cd-e8df32d47f11" testListId="8c84fa94-04c1-424b-9868-57a2d4851a1d" />
    <TestEntry testId="5de404ac-cae5-8001-1ed7-00c976d7e4e9" executionId="300e001a-8db7-4d5c-85d5-2812400bad2c" testListId="8c84fa94-04c1-424b-9868-57a2d4851a1d" />
    <TestEntry testId="3531e7dd-0e68-c4f8-c0a2-53c5a4f3ee66" executionId="01796b10-b309-4f66-abe4-3e4c8acee3eb" testListId="8c84fa94-04c1-424b-9868-57a2d4851a1d" />
    <TestEntry testId="ad7a870c-fc45-d4a2-6395-e9db5bfbe91a" executionId="609bc464-3b65-42d4-b5cd-5444e34da98f" testListId="8c84fa94-04c1-424b-9868-57a2d4851a1d" />
    <TestEntry testId="47fe2e01-c0b8-b8ff-ed8d-c85f5ae5a36f" executionId="1065809c-0226-4c8d-ae57-2675a1fc4ec9" testListId="8c84fa94-04c1-424b-9868-57a2d4851a1d" />
    <TestEntry testId="8584185c-80fe-d0bd-8483-f0e5b10f66c0" executionId="5f7e60b7-2e92-40ba-a582-ccd2c25891f0" testListId="8c84fa94-04c1-424b-9868-57a2d4851a1d" />
    <TestEntry testId="5d8cb80f-c917-c7c8-ede9-107b3683bbb5" executionId="d5b53499-20be-4d2e-969d-e360a007ea80" testListId="8c84fa94-04c1-424b-9868-57a2d4851a1d" />
    <TestEntry testId="f2bf87c4-0d1a-1f9e-34ac-6912a671a9f7" executionId="53055451-1efb-4f9e-ac47-30b1273bf3eb" testListId="8c84fa94-04c1-424b-9868-57a2d4851a1d" />
    <TestEntry testId="cb5f868f-d542-a257-940f-3beca788f840" executionId="7b8b62d1-920c-4540-9924-3d59c4912c97" testListId="8c84fa94-04c1-424b-9868-57a2d4851a1d" />
    <TestEntry testId="811fa997-ac1f-1645-e423-cfda6deaacbe" executionId="3b4d9fbf-e72c-4abe-90df-51e4b31c659f" testListId="8c84fa94-04c1-424b-9868-57a2d4851a1d" />
    <TestEntry testId="5cd7d19a-c977-80d4-31b3-2acb6a16c365" executionId="da828809-f824-4f40-a04f-00a2a75f3537" testListId="8c84fa94-04c1-424b-9868-57a2d4851a1d" />
    <TestEntry testId="9da4b843-09ec-2f11-9025-54da78a92c06" executionId="dafb651b-575d-4389-912e-0ac74bfa83be" testListId="8c84fa94-04c1-424b-9868-57a2d4851a1d" />
    <TestEntry testId="9fa8a152-cad5-e898-d948-5ddb3163056c" executionId="cb7708d6-939a-4639-9327-58ba44baa906" testListId="8c84fa94-04c1-424b-9868-57a2d4851a1d" />
    <TestEntry testId="cd0d27ea-d0f2-a78b-3024-cc2fe70974fe" executionId="f82381bc-52ff-4f71-a9a8-ec86d4359e6c" testListId="8c84fa94-04c1-424b-9868-57a2d4851a1d" />
    <TestEntry testId="789d8a79-b2fa-ce02-99ee-166b6d2749bb" executionId="8de16519-7f8e-4111-86f0-f2d78ce99967" testListId="8c84fa94-04c1-424b-9868-57a2d4851a1d" />
    <TestEntry testId="a232fd91-cc71-4c9e-9bf4-99b696e2394d" executionId="b81ae984-bb8f-4375-bf31-2839cf5277d2" testListId="8c84fa94-04c1-424b-9868-57a2d4851a1d" />
    <TestEntry testId="e288c416-52d2-cf1c-5a77-fee6bd032a80" executionId="5cbf612c-95cb-41fc-9bec-02ffbeffdc3d" testListId="8c84fa94-04c1-424b-9868-57a2d4851a1d" />
    <TestEntry testId="c66eb983-2ef2-0268-2fba-ed78032c4057" executionId="2434e976-c164-4d42-8e0a-6c6c3ff6b821" testListId="8c84fa94-04c1-424b-9868-57a2d4851a1d" />
    <TestEntry testId="21e464c2-ba63-64b5-8593-53262241b15a" executionId="d61a134d-4c85-41cd-9bd8-99d44f8b3ef7" testListId="8c84fa94-04c1-424b-9868-57a2d4851a1d" />
    <TestEntry testId="759aad4a-a563-758c-f7bd-458100b6137b" executionId="d15b9d9a-1f30-4728-8ee1-f934ed960d31" testListId="8c84fa94-04c1-424b-9868-57a2d4851a1d" />
    <TestEntry testId="fb28c8e6-584c-8f05-631f-6dc51634c977" executionId="18e128e9-c654-49bc-ad1c-5ed540332fe8" testListId="8c84fa94-04c1-424b-9868-57a2d4851a1d" />
    <TestEntry testId="6b0d526d-133e-28b1-d995-7cd93a7ab054" executionId="7e4535c5-0d5f-440e-9f83-94888a49334d" testListId="8c84fa94-04c1-424b-9868-57a2d4851a1d" />
    <TestEntry testId="ca4ef584-2118-1c4e-a02e-af6610c99235" executionId="390f307c-3ccc-4bd5-a80c-aebfade1ec17" testListId="8c84fa94-04c1-424b-9868-57a2d4851a1d" />
    <TestEntry testId="c67dac81-394f-3a8b-ecf7-f4042e0a2750" executionId="7b73513c-fafe-4cc2-88f8-24075ca3038b" testListId="8c84fa94-04c1-424b-9868-57a2d4851a1d" />
    <TestEntry testId="942c33c5-9ed6-a480-6c99-fd5aa4d70109" executionId="3d7986ee-348f-4ffd-8bb9-d25fcef86fbc" testListId="8c84fa94-04c1-424b-9868-57a2d4851a1d" />
    <TestEntry testId="2ec764d7-0dc5-323a-305f-2218cb59b889" executionId="06c1429e-6b85-42b0-b1f1-b4e6ba156051" testListId="8c84fa94-04c1-424b-9868-57a2d4851a1d" />
    <TestEntry testId="87c2bc05-34fe-77a7-4ad1-ef999e78c881" executionId="c8a4bed8-585b-49cf-a659-28c51d086561" testListId="8c84fa94-04c1-424b-9868-57a2d4851a1d" />
    <TestEntry testId="60d4ed21-3d3e-030d-0340-c5c4888e71f4" executionId="d83ef618-b092-4431-a2af-d7343d7bc76f" testListId="8c84fa94-04c1-424b-9868-57a2d4851a1d" />
    <TestEntry testId="8a3c78e8-728a-b294-5f6c-98b0673a136d" executionId="e8ef7255-e9ca-46f1-a92f-dac1558e74de" testListId="8c84fa94-04c1-424b-9868-57a2d4851a1d" />
    <TestEntry testId="cfa89da8-80db-1ed4-786a-1b5eab16d537" executionId="b9f2f301-70e6-43a5-a3a2-866d4e0cbb2e" testListId="8c84fa94-04c1-424b-9868-57a2d4851a1d" />
    <TestEntry testId="f23f7e35-49fb-bddc-4413-9f60920565a1" executionId="543449fe-a387-4e3f-840f-6a2792bcc02a" testListId="8c84fa94-04c1-424b-9868-57a2d4851a1d" />
  </TestEntries>
  <TestLists>
    <TestList name="Results Not in a List" id="8c84fa94-04c1-424b-9868-57a2d4851a1d" />
    <TestList name="All Loaded Results" id="19431567-8539-422a-85d7-44ee4e166bda" />
  </TestLists>
  <ResultSummary outcome="Completed">
    <Counters total="249" executed="249" passed="249" failed="0" error="0" timeout="0" aborted="0" inconclusive="0" passedButRunAborted="0" notRunnable="0" notExecuted="0" disconnected="0" warning="0" completed="0" inProgress="0" pending="0" />
    <Output>
      <StdOut>[xUnit.net 00:00:00.00] xUnit.net VSTest Adapter v3.1.4+50e68bbb8b (64-bit .NET 10.0.2)&#xD;
[xUnit.net 00:00:00.09]   Discovering: OrchestAI.Tests&#xD;
[xUnit.net 00:00:00.15]   Discovered:  OrchestAI.Tests&#xD;
[xUnit.net 00:00:00.18]   Starting:    OrchestAI.Tests&#xD;
     Warning:&#xD;
     The component "Fluent Assertions" is governed by the rules defined in the Xceed License Agreement and&#xD;
     the Xceed Fluent Assertions Community License. You may use Fluent Assertions free of charge for&#xD;
     non-commercial use only. An active subscription is required to use Fluent Assertions for commercial use.&#xD;
     Please contact Xceed Sales mailto:sales@xceed.com to acquire a subscription at a very low cost.&#xD;
     A paid commercial license supports the development and continued increasing support of&#xD;
     Fluent Assertions users under both commercial and community licenses. Help us&#xD;
     keep Fluent Assertions at the forefront of unit testing.&#xD;
     For more information, visit https://xceed.com/products/unit-testing/fluent-assertions/&#xD;
[xUnit.net 00:00:00.63]   Finished:    OrchestAI.Tests&#xD;
</StdOut>
    </Output>
  </ResultSummary>
</TestRun>